.
├── .git
│   ├── COMMIT_EDITMSG
│   ├── FETCH_HEAD
│   ├── HEAD
│   ├── ORIG_HEAD
│   ├── branches
│   ├── config
│   ├── description
│   ├── hooks
│   │   ├── applypatch-msg.sample
│   │   ├── commit-msg.sample
│   │   ├── fsmonitor-watchman.sample
│   │   ├── post-update.sample
│   │   ├── pre-applypatch.sample
│   │   ├── pre-commit.sample
│   │   ├── pre-merge-commit.sample
│   │   ├── pre-push.sample
│   │   ├── pre-rebase.sample
│   │   ├── pre-receive.sample
│   │   ├── prepare-commit-msg.sample
│   │   ├── push-to-checkout.sample
│   │   └── update.sample
│   ├── index
│   ├── info
│   │   └── exclude
│   ├── logs
│   │   ├── HEAD
│   │   └── refs
│   │       ├── heads
│   │       │   ├── development
│   │       │   └── main
│   │       └── remotes
│   │           └── origin
│   │               ├── HEAD
│   │               ├── development
│   │               └── main
│   ├── objects
│   │   ├── 00
│   │   │   ├── 07168631306b87230d8d236b09a046408a06b4
│   │   │   ├── 7ac79b37d2abc6cfc3cb9d2fd5e4a2eb483225
│   │   │   └── d10e3143ad185fb94ff4ad852503d365aae7d8
│   │   ├── 01
│   │   │   └── dbe571dd088515da13bc9e1e66f10634dc3692
│   │   ├── 02
│   │   │   ├── 0f4cfb495bd992a9752e03e88252771f001269
│   │   │   ├── 1fc926f1ce366b7ff679c2546929d14cb5ce48
│   │   │   └── dec0f679a2172d5bfde2f89084670d10ab0a06
│   │   ├── 03
│   │   │   ├── 7168ea81defd9c1831da60b9c3c315591d5ed8
│   │   │   ├── 894e6b450db2de4393d25ff0e46c1a2228846d
│   │   │   └── b542ba3661fc8bd18a2c441f6cd297468bf6d5
│   │   ├── 04
│   │   │   ├── 71204c3dd81f71bd04a0011540ea7903ac4e0f
│   │   │   ├── 7d797724939a8745c6ea49457db5302773d203
│   │   │   └── a8bfb09b5f1c353c5704fc3512dc826f82b88f
│   │   ├── 05
│   │   │   ├── 1e681c12497e9fd69c66d57839a0bc0278f66b
│   │   │   ├── 7db879bd9927dcbcbca81b229c6888aa7184a1
│   │   │   ├── 870c627cd4066fa6ed4f5d226973f983f3cfaf
│   │   │   └── 9a6d0889dd0f25b9491d9e48d636db4ecfc6f9
│   │   ├── 06
│   │   │   ├── 1e3b7bc62bcfe562f8c192a2c29659c4079986
│   │   │   ├── 24fe3d7efb76c728bd5e54185dfee8aaea7aa4
│   │   │   ├── 2caf44b9d7f72b606611846225f9bd08c9196e
│   │   │   ├── 8737f52c7c74d6c27852ee9b5852d26332ead4
│   │   │   ├── 91f67b202a873c99bdb9b99e15a667cb916a5b
│   │   │   ├── 92d90d799f61386fe08d7b3a946a8be73c97d2
│   │   │   └── df7ea8e11dc088960b0fe0b97ba2c19f3cf3e6
│   │   ├── 07
│   │   │   ├── 65e5c0830cfeee42013810ccc89e7c184186b8
│   │   │   ├── 66dfce28fb9b1d7b1e944cb1bd99012059d41c
│   │   │   ├── 6cc6a12c5974c48ff4cf7529cbc30c38a14610
│   │   │   ├── 7016e0e07fe645deee9911f742dd70e6099e79
│   │   │   ├── 8617c05cc0d0e3b2c1576234b92793df648cca
│   │   │   ├── a589794e1f6634085fd1e4aa4ad5f620c3e5c6
│   │   │   ├── dac2823efa025f6eda720b7f7709641f1fb7c0
│   │   │   └── ff99a6b8a900e6d968e3b961962d5026fcf0ef
│   │   ├── 08
│   │   │   └── f38b7d351d3ecaf09d551d5deb83cf96425e58
│   │   ├── 09
│   │   │   ├── 5d7ddf723e5cc5adabcc05e957f0d62f3ab487
│   │   │   ├── 85c92cd493a92b2e942919d7534c9839211cbd
│   │   │   └── e6e3a9bc8567e54628303e12e567248ebd981c
│   │   ├── 0a
│   │   │   ├── 1f7dca024d9a6022ba56ba38e159b153cdb130
│   │   │   ├── 28b925bf161cf8bf7487c1509a3219e26d0a92
│   │   │   ├── 3cc203f267010a399d49bbd8830bcc0d4248b2
│   │   │   ├── 625b79b278c15712e7c10b5f559f2fddff7995
│   │   │   ├── 88c337d9b4d62adcf0c4b01607d4e4cef3fe04
│   │   │   └── be2cec0c3aef46f8913780a9491e13b8754766
│   │   ├── 0b
│   │   │   ├── 639006abcb1e45dd1999596f7001baeb2186d1
│   │   │   └── e142e9c9c220d2cd07b938690aaf38e3fb70f2
│   │   ├── 0c
│   │   │   ├── 383f3fc188ea68a284439daa7dceb3ea56c27d
│   │   │   ├── b058a8b7faf8ac571ac761b4e9343e8806e0c3
│   │   │   └── e0d7c48619b58b69b6175a8cc735a4c0c0a4fa
│   │   ├── 0d
│   │   │   ├── 11a1f73cbd06a791e63f15cb584d022e589fea
│   │   │   └── de924557fe15f880197f38aece1256affef748
│   │   ├── 0e
│   │   │   ├── 31fbadba241b67c1c0683d33285e69488369ba
│   │   │   ├── 573d09708adb6977fafbb5c31028c03199e8bc
│   │   │   ├── 6b061356db2a06a662448828ae76d4ab9f7d31
│   │   │   ├── 9e1b8bf1591f330907ce3d3fb55b204a536297
│   │   │   ├── cb69bae428ddca43d5579057803979a2412e60
│   │   │   └── f05fc88c088a5c25ce4c9ccf3119b34118453d
│   │   ├── 0f
│   │   │   ├── 12979db8d9ef525b2ff493665a2aa43f658167
│   │   │   ├── 91b9141be75b1d8d67e95079e9d3205f378780
│   │   │   ├── a23fc28727ae97b9a1174bc8ca6fb8c171e52e
│   │   │   ├── bf111d218060f251c39569ab4de80655a34ef5
│   │   │   ├── e17ac0cf096225d5ad43a83399757213345ae6
│   │   │   └── f190b3779a69db536ce199231e2d8f0e84f9f7
│   │   ├── 10
│   │   │   └── 851c5a17dd2eb1844ad33c950c152725b05ace
│   │   ├── 11
│   │   │   └── a9d5c2883adc6a036d0472bb8120e02bda2977
│   │   ├── 12
│   │   │   ├── 20c46ba6b521be16eb7b214031b2dd823f6472
│   │   │   ├── 61b81a0ecc23994e83dc52012433c98a090c4d
│   │   │   ├── 777a5a4d52bf86850951f9fc77b582021e8b61
│   │   │   ├── 8858754fc4e8aa54bb3df0d5249f552af69260
│   │   │   └── e755b4c5669cb62e681fdcf5b1b802b6a3f404
│   │   ├── 13
│   │   │   ├── 25f320bd022f25d8c347a23944111acd567870
│   │   │   ├── 68e772922e596516b74c7f7f29e1df5eb48a10
│   │   │   ├── 8270805e7df295710dee51c6eb86da933bcbaa
│   │   │   └── fe58cde00fc3c74cb7472239824f6422c8fccc
│   │   ├── 14
│   │   │   ├── 038140860fd9207adb8498543f8945af598ff3
│   │   │   ├── 6ed5ead30955caf58eeddb581494ebcadcd75f
│   │   │   ├── e54713f8a90f0d5ee73efc52bda3f3c6cec31d
│   │   │   └── f1d48b84ca862fc8d73332ad909675d910f080
│   │   ├── 15
│   │   │   ├── 044f308b84372df1b213ddc83448f4ea2b5f5d
│   │   │   ├── 520301c20da7004a1b8543e835b1e7b0e46ed2
│   │   │   ├── e6e3f257c3b28cc05e33f293ce25b498a4f570
│   │   │   ├── e8b75605c3be7848ab016fcae5e0679841944f
│   │   │   └── f93d78b51faa17713666a57b6f5e539b5cd63a
│   │   ├── 16
│   │   │   ├── 7d3c338ed97674c3c13f62ebdaa45e73a108e2
│   │   │   ├── 9c847c05e04ee989509527918be7e24e16a794
│   │   │   ├── aa475a9f09da52ee01931ea2ad4002ac8adf66
│   │   │   └── d57ab31f89f7a8812364647958a52328131cdb
│   │   ├── 17
│   │   │   ├── 1c382a0ba4ce3fb2a190824ecb2e92efa51007
│   │   │   ├── 4e2e1a05758c5c177429628d890e19b355a796
│   │   │   ├── 88d9bc0addf4453972e78748706c55016c610e
│   │   │   ├── 8dd5965df001976fa3c163f4eed72d0656ac6a
│   │   │   ├── b4bd6f5f3f0a90f1ad5c635e2874e84ae34707
│   │   │   ├── ee5a403febc43943654ee9d13e7495a1846aca
│   │   │   └── f4f362441596595bb7489e91f71b2269502c38
│   │   ├── 18
│   │   │   ├── 27b63c0e3b6ead3dd0589471efcadca928c2da
│   │   │   ├── 332cd0e97a7026c48426df2b9f1435b5cb0770
│   │   │   ├── 54e624181ab586a3fee67ae1fbf39290475538
│   │   │   ├── 7d3afd703abcd175f135ca22dfefbfa4335458
│   │   │   └── 9acb9d3acbb53a8cbc516ce217d668cef9a758
│   │   ├── 19
│   │   │   ├── 00b98315bb24ac9187b4c0867f89eb48384b57
│   │   │   ├── 2c8f7b32fb7186741c038f3cf9a955df77f9b6
│   │   │   ├── 5338db46e678129152ce53d5931f1a2bfee4f6
│   │   │   └── f67f4004687413f8bcee3805065efabc19e935
│   │   ├── 1a
│   │   │   └── 3e6c2c2cc5cea78b0b79e9d472187899a54ccc
│   │   ├── 1b
│   │   │   └── 0de1c1008d1bfb0ee2c9caf761338c989e154f
│   │   ├── 1c
│   │   │   ├── 1209361bfbaaeb68e175788e18f5d5ae033cab
│   │   │   ├── a50ac96c8f1026e4a12e802f029763d71469c1
│   │   │   └── d20c8aab42d982e7ee4d82c4b5ee5de3ae2839
│   │   ├── 1d
│   │   │   ├── a66a7867fa223190c5ffd9f4c762886539ee44
│   │   │   └── ac9e8f7bea26e87b89e2e499dbee836049889f
│   │   ├── 1e
│   │   │   ├── 342658613fd1229ddcfa361ce07af736a832e1
│   │   │   ├── 537efbc5dbecc37a8c65af9a6952468b072cab
│   │   │   ├── c6403f0ed260d726f95c021f85353b0261cf82
│   │   │   └── f9d5d1f5eda066dfa8db58a1d9a1ec18d6cda3
│   │   ├── 1f
│   │   │   ├── 1899318113da9a45b756d7e4cfa9b1c5dd34df
│   │   │   ├── 2716fa691d4e5c37a0f365a79b5ff4dc17f652
│   │   │   ├── 492e18654d4b8a8f60a0cf9f9dca56d04b2348
│   │   │   ├── 5560e2c35261727b3082cd7ac00037a93f9429
│   │   │   ├── 6eaed5d6c8d67dc37a2b17924984235acfab44
│   │   │   ├── d8a756c04760e3b764ce444dd782c1b07276c6
│   │   │   └── f85708312704227da5d992ce7fe56a6e8e7c45
│   │   ├── 20
│   │   │   ├── 1a1bf35b0c90d37cde0cef14f4269a226e9018
│   │   │   ├── 5aa37f7483fb98853d76d6878187843851df5f
│   │   │   └── dc26cb971ad0d97ff5eeb0304c8fb59370a559
│   │   ├── 21
│   │   │   ├── 4e7978bf28761bab3416974fc34ad9644b5ff6
│   │   │   ├── 5cb9be62fb716daa8607b28acf754c915f919d
│   │   │   ├── 9d9c1515e8e02f582ae72f7e4924813a3d7aaa
│   │   │   ├── e532e172370614fdfe8ddbae38c8ed536afff0
│   │   │   └── f35c82e00a75727ba6f45e276bab929a5177d8
│   │   ├── 22
│   │   │   ├── 259102bb8ea92abda11bbf425c00a1a86bd223
│   │   │   ├── 3aebcca26623a82ada029d8a6f76636226184d
│   │   │   ├── 5639044719429286fec9b7016d75bd92374aee
│   │   │   ├── a4a89e60f335847923052cb48f31a837aa9aa7
│   │   │   ├── c8288e93affd1a9f37aaa6604279c12fee841b
│   │   │   ├── cf440cf34ed9449959ee9294e8d52a92b544da
│   │   │   └── e0fcb3003499320cc1d65e62d19f9d614efd56
│   │   ├── 24
│   │   │   ├── 30ab1fbce05ba41d9fa08afd309f00d9b5e08e
│   │   │   ├── 5cd69982ad260564c615df885f31fb50b34e0a
│   │   │   ├── 90609dec62fc11cf4c2145d4d5cc2c3e8620df
│   │   │   ├── e3fbd3079b24846639ae3f69c0c3f5ce576efb
│   │   │   ├── ec839ded5a6393dc192cf300d61bddc0d789bd
│   │   │   └── ef07f0b871d5f459f0408f8bf336fb67b3293e
│   │   ├── 25
│   │   │   ├── 0e8d30129ef829482ecc66ff8a59f8886cddea
│   │   │   ├── 1812a1db1e0704d900beae7f62d63e37960f5d
│   │   │   ├── 4a01bf6e3a787385166fa40e0993c36c9586fd
│   │   │   ├── c62a8c3cb40764ac539370df9ec347bdd99b79
│   │   │   └── f52f94aeb50e895580fc8a9a6c8a53db794576
│   │   ├── 26
│   │   │   ├── 64cbd7959eb3a1f2f04e1121ed1184388f77e4
│   │   │   ├── b574a4772fe47af323933903595c9cc2597e37
│   │   │   ├── dfa70d5ba03fd3de0a5d94b14622730b428d54
│   │   │   └── f19330625cc4893af3f66046deaad0f419ab21
│   │   ├── 27
│   │   │   └── ea864ea4eac7126bf323a3b45a34b3d9dfb1b8
│   │   ├── 28
│   │   │   ├── 2efaaec9f65cd055ef3a6433661efa837dbd79
│   │   │   └── ff1481a1744e0c48e6fe32b3b0f4a3338fd6bf
│   │   ├── 29
│   │   │   ├── 1e247a68367d1233e2fce58d8e6b2373ae4ae9
│   │   │   ├── 814ae9654638d4996efb586764f415c383ad5f
│   │   │   └── e5f982f065b43784da7a5fa7349f059064e015
│   │   ├── 2a
│   │   │   ├── 54149e9aa328da96950b371f59de69f15b6e9a
│   │   │   ├── 803dc1b0626f522e2f8c022ba8769da1f908ca
│   │   │   └── b1a7192aa3531a7237b6f30f2e272b4afabf80
│   │   ├── 2b
│   │   │   ├── 042f3fff7fd9426a55f38f49c690a8356e9e94
│   │   │   ├── c7006d5505690d1b9ff9185fa3e7efaf281c09
│   │   │   └── e164369ec2ecc098dc4a736a5badaf83e3ca29
│   │   ├── 2c
│   │   │   ├── 0287e05400796ee2b477206f621f0264f0f1cf
│   │   │   ├── a0e10acd5de8cc65e4a751173a66ffa097cd1d
│   │   │   └── c3431d9ab7fa172c21754d9d04124b009a654c
│   │   ├── 2d
│   │   │   ├── 2cf54b2838e30f56cc0e6fa841c27bb8f6e1e6
│   │   │   ├── 2edad1014abb902c8c1bc956594cc47e29eade
│   │   │   └── 454919f878cfa1d2b064b0c95dacadd5004c9e
│   │   ├── 2e
│   │   │   ├── 26f1c26e198582d7e34b4a78179b97e66ca9a8
│   │   │   ├── 2a81d00b931068db22c0dd5a49cdf2a1d6fd2c
│   │   │   ├── 36756048987d23ec1deae6476f321e37323625
│   │   │   ├── 3d9d8451e471daf9b69d848fb61c093610373f
│   │   │   ├── 6cd593c5531ac790a8f720bd65e15cdb2ff87d
│   │   │   ├── c72f290f9f995bc5cc67fac943a7ca93309b3d
│   │   │   └── fb4e2357a798ca7703dfaf0a89bb84fbafb9b3
│   │   ├── 2f
│   │   │   ├── 01902d002612514f8837853936ef5122ec546d
│   │   │   ├── 555b5f3d7e5c16f154d65117cf875900e56a82
│   │   │   ├── 727e1b14d0bd6274bf272156eef18b15992f2a
│   │   │   ├── 875297f45f7e5af3cf37f0e55a8bcedc6c8dbc
│   │   │   └── 8b5b88f23f0db5fffbaa7318ff2a20ed78cf4e
│   │   ├── 31
│   │   │   ├── 19a76a08d0e4e2ad5519c46affa3fa824fbbcb
│   │   │   ├── 2662a2c185d3d6dbd8292fc302427dde96c4c6
│   │   │   ├── 3c896e9666c2f3dac01fcd7547dc29f200298a
│   │   │   └── e658b10ce2bdad137492c2748c7744a6d2bd15
│   │   ├── 32
│   │   │   ├── 0950e8f1d67d00e03e4b037f83afb293810cdd
│   │   │   ├── 4af1d97bcec326d4d8f5db5db0d17bc3e7a823
│   │   │   ├── 8f756787744171b3df4b627a3b45623004c584
│   │   │   ├── 964cf7288eee4a5d6420ad2d844f53b479e024
│   │   │   ├── a64defafc72863ddea96e14a5617cbecdd9d07
│   │   │   └── b8c95603a86d02c7f973444b20b0329a3954ce
│   │   ├── 33
│   │   │   ├── 238d6fb429368dbab4dc7d1dfc556d748ed3c6
│   │   │   ├── 701e401cb5f2348fb1e8f35f6da9bb64be1ec7
│   │   │   ├── c6f55441e9c854f508c6460e4d78758ff939c4
│   │   │   ├── ed69f9cc75893b49de4754f885f88cdad73aa4
│   │   │   └── f26adb70aa03ad4b9ea4cc4d16360a79d928a2
│   │   ├── 34
│   │   │   ├── 18b2660d20ceba8882936de256f7e55b34132a
│   │   │   ├── 1d8ab40899bfb956293234ad643e7fcf0a18be
│   │   │   ├── 2537ff85753efe7f1b27635274dbb573c7ebfd
│   │   │   ├── 2ab82b352d739ec5de570f5b8aa6183c630098
│   │   │   ├── 3b4cc159f7fd65e7fb322a3e015de624e1b57d
│   │   │   ├── 5e9307d98d4da7a2cb8a1cad976671f62ac568
│   │   │   └── 8c74f314dcfd55a6027ccffc7a79c868529286
│   │   ├── 35
│   │   │   ├── 1b9a1377fb2a5c3e9ad10472bf133ecfa5e899
│   │   │   ├── 4903047229829b14ba892bb61238361fddaf2c
│   │   │   └── b8b75c734e085f53bc7e537d1c52f2c4954b6a
│   │   ├── 36
│   │   │   └── cd889f410e45cda565343b02b7327e3a3fca70
│   │   ├── 37
│   │   │   ├── 02a96d699d42e96c759ca9235f547144fbe91d
│   │   │   ├── 0ca29a99c35b2d3de6016f15739770dda37fe6
│   │   │   ├── 15fe922eb6ed9c58967f7d7936c0759b70a9ea
│   │   │   └── c31e454824d184f5ec8d33066a34b234581fd0
│   │   ├── 38
│   │   │   ├── 2a184ef38b965867ad70fbe80a5c87c8a07467
│   │   │   ├── 6f0a8f7a3c6f5d60e8a3c503672919ad456404
│   │   │   ├── 77096c263c03d254e84712a1f412e38e97aa94
│   │   │   ├── b10c1b2badd802b554ecc944a7a40c5f055d47
│   │   │   └── e82d4db7d3e31f28e816aacc00a2076bc53206
│   │   ├── 39
│   │   │   ├── 0195a609c7e0e2dfebaf732ece004d7a209561
│   │   │   └── 0a56b28b4286a47f8a7a701a66aba93805051a
│   │   ├── 3a
│   │   │   ├── 30df491c688f76242acfa21cf80df3d0eae5dd
│   │   │   ├── a68a6bf6aafbe20ec564286080bdc6449bd1ca
│   │   │   ├── b8b097ba44191556ef50ddbf7eb180c4d6e2d1
│   │   │   └── be66a0dd11a87bdd81a58e9acec2376679b3d9
│   │   ├── 3b
│   │   │   ├── 03e9380cb67e72199633ebeee70a41b2fc59ae
│   │   │   └── a014b0ea7c94a43e93e177718a78e8751207e1
│   │   ├── 3c
│   │   │   ├── ae0be1925463cd900060bcc5884efb48282a4d
│   │   │   └── bc8433a2b3613fc6d575c5870757cd0c8ccd05
│   │   ├── 3d
│   │   │   ├── ccd731726d7faa8b29d8d7dba3b981a53ca497
│   │   │   └── dc23e9938fcc128bbea726b8657bce7f92b6f2
│   │   ├── 3e
│   │   │   ├── 0f05f24c8bd82b613319088c64d1d7c2acdda9
│   │   │   ├── 0f4a5bc71a2b7a0d8143c1ebabe6003683e999
│   │   │   ├── 3efc444a59c81d4fae132d221759aad5ee183c
│   │   │   └── d1988dbd5a5af136f40ff4caf82c1c60fc328f
│   │   ├── 3f
│   │   │   ├── 0d76a5e07c086cb28edf583f4e240438340c74
│   │   │   ├── 9ba79bd5d50781d2093b14f98a5e549c40ef5f
│   │   │   └── cd32a4917c94268418659505121c5312dd0551
│   │   ├── 41
│   │   │   ├── 9f7c200ae66cccbc35e60ef3df8f6eb068501b
│   │   │   ├── b99d7783c1e447962d3183b641863e61a8edd0
│   │   │   └── bf411c418cc3cc2f7800579083ab33bf69f81a
│   │   ├── 42
│   │   │   ├── 1527959e12baf1e76812e6d15b25314b7b0cb5
│   │   │   ├── 3ea6df6dea69428b60487a3e0451e3658ce604
│   │   │   ├── 6a022ff1fa2de278b4f0a340d26f36fea29d30
│   │   │   ├── 797fe1b10914a9c8e51532820abcdb9cb0dd68
│   │   │   ├── 9897c9a96b0ad305521d3adad5e0895f26dc47
│   │   │   └── feb6712c5d6e70713b1b8d70ee00187b80e71f
│   │   ├── 43
│   │   │   ├── 03beb9c46e77d798fcb77f413bec3b97b8506b
│   │   │   ├── 43923d1b2905a2573bc0aeb695338e9d3429dd
│   │   │   └── 74d710bc3d1af34fb9a189d6650719da6f2a92
│   │   ├── 44
│   │   │   ├── 076beb89b768a5a07818788c354e9ee4f22d54
│   │   │   ├── 3c4c1d214be61e91727a8d5baa0c53497be39f
│   │   │   ├── 5f545d96a642ad3a274e1d50f7a8a4d42386da
│   │   │   ├── 6c533b2040f47739c21003fad0d9cbfcd2f6cf
│   │   │   ├── 92b7955bdbca090bfd110ddc6e5271c80e3a2b
│   │   │   ├── e9fe55f1a087a48f9b6b7aef1f62d0188bbca6
│   │   │   └── f071d76ad6e638d4e4e0453d7d6e0a17301343
│   │   ├── 45
│   │   │   ├── 29d3a679820969ea3a42e3082c8866c86291de
│   │   │   ├── 48827efd952315c4c51d67e725a9606898d4bb
│   │   │   └── c18d3c06fc5f0b016707ba3b2dbca8021963fa
│   │   ├── 46
│   │   │   ├── 1bd44020268efee1993b50b10281e53017dd67
│   │   │   ├── 1f5da7dc72d579a9c608a20c5697919822da9a
│   │   │   ├── 33571ae95037b02779d12379db1cc6935dbcc9
│   │   │   ├── 738a4f5b0b5a31bea39ff46aac10d733448bd5
│   │   │   ├── 947890b7672f32220cd0f65ed37d8549f71942
│   │   │   ├── ccfb7871d871986654487a0c199abe296e0192
│   │   │   └── d338000b7e6cad0ed6b5918b45348f584d2dd1
│   │   ├── 47
│   │   │   ├── 6b488f0b2e232d9e9f87f5440d54538a744257
│   │   │   ├── 7899e2212d3a928becc8b1cb1414c7a9fc156f
│   │   │   ├── a36c6f081ed83c7ffe0cc2b6df2b9fe19aee82
│   │   │   └── fde0887efbc06332bc8e5db19de931fcad7f41
│   │   ├── 48
│   │   │   ├── 8ad37510279ee3a1dc535c7ccd5a2cf9a69d5b
│   │   │   ├── 9017ca347a4a6920ec6e6d902e11a5032a4302
│   │   │   └── bda5642cf0e75b50ffae0688cd43208d7dff36
│   │   ├── 49
│   │   │   ├── 2081841bbe33ae39a78b0ddf35b1f5e80e187a
│   │   │   ├── 20cade2b8c368dc381f824c77a992910c9d44f
│   │   │   ├── 299b50b5982c2a2d1068f3fabbbf5b55b8851e
│   │   │   └── b00bcfcb12e72c08d824a77f6bf63f9f66cc0a
│   │   ├── 4a
│   │   │   ├── 56b448f7cad31bdec09554b77b75a5dcaf88fb
│   │   │   ├── 7be7d905f1b6d6812a30e1a8dd18bf4d4adb4e
│   │   │   ├── af18950ba59f1ecb52e83b6c5874e82feee3db
│   │   │   ├── b6df7a59d86bf7ecd84b8d4d0666eb5026a4cd
│   │   │   └── f40ba51098b9787999335b14243336d6aefa94
│   │   ├── 4b
│   │   │   ├── 677c141dfc972f8468010215b5f9313078d232
│   │   │   ├── 7c0229fa1e34c1a9c81c73fd6df7f5202a2c25
│   │   │   ├── 807d0077a24aa5f282424aca209e782c9a8bf3
│   │   │   ├── 9b9e5bed45817770e7c11288766d3df8d997c9
│   │   │   └── eb9c29aefb6c0e311265ca0c191d77361a16a4
│   │   ├── 4c
│   │   │   ├── 72cc81488a9a1fec452ed3c566d97b6ca5daca
│   │   │   └── 87cec6f6211c2c5e9fb148f841a21de6447eb4
│   │   ├── 4d
│   │   │   ├── 331df3df4b357cb9ea364c293b8ee2e24d5cb7
│   │   │   ├── 93456e84033b8310fab4cdbb099644e83becc9
│   │   │   ├── 99a0f4ab5ac627b399d9be4a457c52404235fc
│   │   │   ├── d44334165e5320d0b6b881177d26886e06b10a
│   │   │   └── e4b8a0afc0424c45eb02e89bd7b15cf845f56e
│   │   ├── 4e
│   │   │   ├── 48478ebbc83e415a7cfdad0f3423e40c5ba4f6
│   │   │   ├── 6ad85356e38614f432a2ec2574437ce60f3ac5
│   │   │   └── d735be1d0d8847e26efa8ac9d4811a8f7e8bce
│   │   ├── 4f
│   │   │   ├── 0bde0e65b05a9450bab335e9b4cb8a95e5a710
│   │   │   ├── 1b11805168e51489e396a1081df01281af33ba
│   │   │   └── 962bb3391c722fcdb337b526bac7c944f145cf
│   │   ├── 50
│   │   │   ├── 23975b82f8195552d12316a6b6785770c4fef7
│   │   │   ├── 2400c72d709bd4025f768356e56fa016b083ba
│   │   │   ├── 38bdb5593072d2ac13cc9b1ab2aacf7aebb3b9
│   │   │   ├── 90f7930bc92f68601d97fcf5efd890690ddb29
│   │   │   ├── 9388e9886214bf8b60cc7c54bd4b6a9755fdfe
│   │   │   ├── d06e89a8d546f9c713b75a54cd221992129cb3
│   │   │   └── dc7b570894efbbd2161a11bab58d8a6008f69b
│   │   ├── 51
│   │   │   ├── 1f46ba162ec1f32bc0f96180c4be28e8d7840f
│   │   │   └── b71a2702b7732970916fed5dde014b412f131b
│   │   ├── 52
│   │   │   ├── 127b64c49b8e36808faeed1ef4d5b89287a024
│   │   │   ├── a390c725bc1aac510df2cfe320c46103add177
│   │   │   ├── b4a4aa305548c1d302c57bdecd3d42b8cc0f89
│   │   │   └── f2e7a077826e35066dc5c93c772c5dfd69b755
│   │   ├── 53
│   │   │   ├── b7da02110a4adfedc0699f7ac0dd5d82fa2e12
│   │   │   └── e9e3f28fa79f65bc6f2baf9b8b2973d5f67d37
│   │   ├── 54
│   │   │   ├── 181614f173310185d8dc9a93d228ef9b1e577f
│   │   │   ├── 483bc973c73bb05309bdfad9de627daaf598d0
│   │   │   └── e9ba942a01b0873f8509de8e5fd9d8d335a0b8
│   │   ├── 55
│   │   │   ├── 17ab1cd384e03eae3b75ed21380652451c40ed
│   │   │   ├── aa53bf2c8e996451f60b5866ffbb8881ec3439
│   │   │   ├── d2b787ca9f563ba1a51ccee275bf6462ee510e
│   │   │   ├── fa03d85d7141b3f28ae61d7070cdf47062f627
│   │   │   └── fb94e265d74e0902e5a16014bd0cfadaf86a77
│   │   ├── 56
│   │   │   ├── 1d7ecf5b9ffa84e6cdd498282aab87d1c12aa5
│   │   │   └── 9e75a534ac9ab661a511b6d33050dcb5ffa205
│   │   ├── 57
│   │   │   ├── 5f789d88ae10d6c34c2e2e079658cfd1b3a13b
│   │   │   ├── 6e2cb8cdebd1042f8cdec2152e1841014dab9a
│   │   │   └── f309dcadece9d7597cac9f52f261e8a41c28c6
│   │   ├── 58
│   │   │   └── b3ca5fe2ec750427e9ba39e089c78723b794bd
│   │   ├── 59
│   │   │   ├── 1c15a04a2a2ddea90be815bf07de9ac9f654ef
│   │   │   ├── 5c896dcdaaf35803e4717b73b320cf8caf2b69
│   │   │   ├── 7312266ef64e8f0b4a700d3c7b82fab0324792
│   │   │   └── e23a112cf22d1098dcc93d721040e11a61ec52
│   │   ├── 5a
│   │   │   └── deeed1ae0c959f84cb7d03ae9c3989ce091863
│   │   ├── 5b
│   │   │   ├── 44bc1b46cb97846929e740574d0ce94b092897
│   │   │   ├── a1a1687a318aac2aa2e130d65b1a87403bb687
│   │   │   └── ab5f864c2ea6f56cf890ef4ab7ef3501803b80
│   │   ├── 5c
│   │   │   └── 55b77fdf62195d1185d71ea7e1f2c9afa3c7b6
│   │   ├── 5d
│   │   │   ├── 1ddd07ba52e682bfa499e9c2e3d41069422b5b
│   │   │   ├── 32a314c89892c819fa8f40c360faed82d06ff3
│   │   │   ├── 9bacb36636c6efc5786bcb8eeba96148751bb1
│   │   │   └── d48c3cdb84da232ab8b686291832912dde0df1
│   │   ├── 5e
│   │   │   ├── 5c691cb6bc0bb53ab88b49ac5ff93607fb86e6
│   │   │   └── 6e34975b6175f3274ca06571e80188a6c5fb1b
│   │   ├── 5f
│   │   │   ├── 34ef3f37c163aff003173fe368488574a59939
│   │   │   ├── 75ab90060448941b71cfebfa6a4b182b8f5d25
│   │   │   └── 92920c7f8e3050d295e50afff73c3c220282c5
│   │   ├── 60
│   │   │   └── f4cec60d0931440c18d92c730f578cb82e6378
│   │   ├── 61
│   │   │   ├── 90cb95e2f7db65fa56563dc3bd14a666f703f4
│   │   │   ├── be9061cf0a2dc28477606d9ef5278b95750695
│   │   │   └── ecf970ac54a1bc0cdef44633958d4a11618d5b
│   │   ├── 62
│   │   │   ├── 153fa886bc3e65b3c158075246f015013d1811
│   │   │   ├── 3839284140846630f99326e2efcfcf520e0b52
│   │   │   ├── 4e62e6dbd83cf0d9b78add86fae34a2432eff7
│   │   │   ├── 6664dcc72a63afee52caae1de200735a712d9e
│   │   │   ├── 72b11fb618b7897561588cf368079a1274d434
│   │   │   ├── 88599bb150e0b89d67a59116b79f815f8f8781
│   │   │   ├── 89027e81a1ce7906951c5fc2ace17c955d6cf4
│   │   │   ├── bd15bae265f2d58b5bcc0e8cce5667091bfa28
│   │   │   └── dfdc834c66d65bba7dc6ab476e51de81dc7c8b
│   │   ├── 63
│   │   │   ├── 0bf836ac907cd1f3babf3fe5f3103bc0037e1e
│   │   │   └── 7a9058da56e86c24530f29ec04fda26dadd0d4
│   │   ├── 64
│   │   │   ├── 222f08dac4ba2c5c24a1489918c15aac086b60
│   │   │   ├── 335f53538a628d4736354c604f755fac749178
│   │   │   ├── 34efbea9dc57245bdff3650c9fba24ac6c7aa7
│   │   │   ├── 64daef91f2b9374dd06a495261953c944b8874
│   │   │   ├── 90a2c5c976bfea132071276abe288fc46b9356
│   │   │   └── d5214a1dbf62996afd9cd34c4136ad495830b9
│   │   ├── 65
│   │   │   ├── 75d803160bf6089f785719d87f1d7be984b367
│   │   │   └── f527adf1e029943197a0fe720f4ae3449eb8a8
│   │   ├── 66
│   │   │   ├── 5dcd0b5e372ccb8817c5bd18f0a9e042c8c6e2
│   │   │   ├── bbd78e5bfa77b9579d36660675dd208d966906
│   │   │   └── ee0945b45c145a29abd25c576b10fc4b9abef0
│   │   ├── 67
│   │   │   └── 96718de975f66cd0f0712c94ea6ff76e24f558
│   │   ├── 68
│   │   │   └── 3c9ac09196d9f98a74db6cd2f42ffa9e12167b
│   │   ├── 69
│   │   │   └── 2e897bbe7b8eb0b8d8ffbf074fc06a9197e336
│   │   ├── 6a
│   │   │   └── f6b5125c7e8cf45cb6b433b8196071851938ce
│   │   ├── 6b
│   │   │   └── 019a49c28796e4e4f0be00dc3444bb900ea47e
│   │   ├── 6d
│   │   │   ├── 2ed6378988866a24b32764e5bb0ff3721d10c2
│   │   │   ├── 695c49942140f5289ec4d9b9e73da5fa7d2153
│   │   │   └── eaf283c4866cb33263f70dc866ad9d3b819c3f
│   │   ├── 6e
│   │   │   ├── 0f082496ccfe165e4af1806c7cdb41806c83ba
│   │   │   ├── a80dde4064ee14e5613cffff4f2083db59e472
│   │   │   ├── c22594453bbe5c2ee8d82df43209db7cbc0ec9
│   │   │   ├── fb2c6251852bddcb7f70c2d050d3aedaf14bfb
│   │   │   └── fe25639cc8c47ec17ceeffecf7b3441b6af073
│   │   ├── 6f
│   │   │   ├── a0dcd62d7aacec67c542f61bc844e5797e643a
│   │   │   └── b2ff0eb22e3c43530c173e411ccc02e852d450
│   │   ├── 70
│   │   │   ├── 0abf5ece40a6c07012787a5fb4bccb1686c1c9
│   │   │   ├── 639e52245efce0c8213245b50e584fb34660c0
│   │   │   ├── 6c09ee4b22cd76c36f7c235981fff705cf313f
│   │   │   ├── 8f9dc889c5a9206cc153ffc663b66a520d5dd8
│   │   │   ├── bd79a8cbadfd82aa695829d42b88e263600106
│   │   │   └── f81aba59fd54b2239f7ab2218e5099c73859d7
│   │   ├── 71
│   │   │   └── b9578d751dc93dfd9d9e27d0c38ff5be67cfff
│   │   ├── 72
│   │   │   └── ad79c0ec0f5e8d9f9943e04950983ae8d88e24
│   │   ├── 73
│   │   │   ├── 1664f8c80b687ff569d02d4f6f3c59cd1a980a
│   │   │   └── a966693590f72cbe0128500df134dc583a1fa5
│   │   ├── 74
│   │   │   ├── 019e4c047b833c8d29d5fee457815b9f2d80e7
│   │   │   └── 2ef212e26d4357fb5c0cb5d6c2b7a4d3a0eb22
│   │   ├── 75
│   │   │   ├── 100e5df85a02cab34a336cde5b47f85e873216
│   │   │   ├── 206a30ca8413fc9541828e7ea43f086081f1fb
│   │   │   ├── 269bbef3443a5df79cb64620dd77eb687b706a
│   │   │   ├── 5f3c70b988415b136ce34ce5bb163fce5f07c8
│   │   │   ├── b33f3edc280902d25853f41f1d241b6db902ec
│   │   │   ├── d53fc59b69c7c5de5bad1219e4cf0551ce28a7
│   │   │   └── f457f9b60d15911056637a98b9f4fd2c20a05a
│   │   ├── 76
│   │   │   ├── 04e2a4f3f73db84ad9337d9ab75d10a5d9af79
│   │   │   ├── 12dca7d5cf2209c9afe326b171c9a1ab50b705
│   │   │   ├── 1f99944a443be216059025137a8211d040e238
│   │   │   └── b6da0023de7c70b24257cafa282065f073d289
│   │   ├── 77
│   │   │   ├── 3f5dd6a9bf5c71fd21c01ac358ffdda15234fd
│   │   │   ├── 592c0d431a9df39d4cebce88da772d70f36fbb
│   │   │   ├── 77082816c6422e1967063810f7dd191667f0f0
│   │   │   ├── 8492714db249bd5a1fa27ae54b700b8b29584b
│   │   │   ├── 9c38c0cfbfbd8b2cdf8cc57b16ac1845b8d161
│   │   │   └── a2b8b7a4510a651c0b5307e6bdfc8f1998748d
│   │   ├── 78
│   │   │   └── 3e557276a6dc12b997fcaad46196045128f9b9
│   │   ├── 79
│   │   │   ├── 0e0ee5bd1a9eb59e48b3800ed585774bf32717
│   │   │   ├── 2ebc83449636a0acbd6f8c55552bf825bbafe4
│   │   │   ├── ea403c2d9a7b3b2ec135911a642335de095e4a
│   │   │   └── ebc3cec595f950572447cbc4e8535fda390211
│   │   ├── 7a
│   │   │   ├── 0e9131e0f076b5279be7bdaecf82437e6db0a1
│   │   │   ├── 561e78c12c74b92b8a23230454497af2535d0a
│   │   │   └── dab3400b8ce4d72247f8de2bb5700fee93b6b4
│   │   ├── 7b
│   │   │   ├── 668a147164ec5872c7c23514d052c53a7df455
│   │   │   ├── 788d0144fbd8e914dee807b6819a5f32c5db57
│   │   │   ├── c438854673e4cb2df1a6fa55dd46d6eb42d2e0
│   │   │   └── fcae6814ee2ba637327a9b476c489161b39cb5
│   │   ├── 7c
│   │   │   ├── 8c19a81f039f6ed2870f102c7867f68256536e
│   │   │   ├── aa327554b96c26d7081fedde3c340eb6c550cd
│   │   │   └── de97f49c6cfc29d45df30195a4ed545a48d8cf
│   │   ├── 7d
│   │   │   ├── 0f59631995e1c8086d3c6f6f8d15418619deab
│   │   │   ├── 27be00920568ec7d26593df28a8e801199397b
│   │   │   ├── 66c13ed1efd291ecf24e58eaf01a97ffe3c905
│   │   │   ├── 952d38a5fd8a78e99745496bfb23a5bd900199
│   │   │   ├── b7b5fa743a58ff08aaaf1535c4a4141afa1308
│   │   │   ├── bbc23d54364e031833d2c4652749258cf67dc5
│   │   │   ├── c356e3535f04f7d1eb39f4be1858f685921bc3
│   │   │   ├── c6dbc258e44badb5e6df15e71eb59620e5acf9
│   │   │   ├── f71f76c5bff233b8485e6048d51633dfaf7bba
│   │   │   └── f998b024b18dd0cb176c350422d4a1ce69b9da
│   │   ├── 7e
│   │   │   ├── 04564ec65a47201ebc38f71d90152e18d397df
│   │   │   ├── 13848ae3b44e1761cc40f3d7b5f0552df2f9dd
│   │   │   ├── 75fee722d29f0f4911da42d48c50704fd5bf38
│   │   │   └── c362608b2be9f0756a1b7e1243c6e6d2a87aaf
│   │   ├── 7f
│   │   │   ├── 1470e2da10f80234fd77f1f3ce3b590e87cf5b
│   │   │   ├── 1ef9b4567c65d894ccf64bbdb01b407ea4ac0b
│   │   │   ├── 22b97d2f818016a50982d623cbd17f6e132064
│   │   │   ├── 32db156ca4c0c86465d323f2f974c3de25dc22
│   │   │   ├── 99773c19d81900dd071d80cc8ff3272beb6505
│   │   │   └── e82ad3b46e6b7cc04ef75e22e10e83e61c25e0
│   │   ├── 80
│   │   │   ├── 154700cee5e814811d089fb6541dd74eac7d03
│   │   │   ├── 1a65d3a46dbf46188a2a04226176a719e70df2
│   │   │   ├── ce0be99c5b26c06e5e55ba9332a5fa38a2eb59
│   │   │   ├── e79bcb552f7fa35104fd3319e2cb9ce4929343
│   │   │   ├── ec75f9e9a0863409ff6ef7c5673d9e5dfe4ceb
│   │   │   └── f910bb26d29a6b485d28922e5bdb192a6242bb
│   │   ├── 81
│   │   │   ├── 0c52c95ecb30e06fd588d7b0b2c6fb9c3748ba
│   │   │   ├── 12d4e9a7b3cb0845ba0b2a23b09dbfab861d7c
│   │   │   ├── 414125c2aeb8b02b0cde0a060824d67ce921ca
│   │   │   └── 52fbef3d21c09c5e5711485bdc7222129ad4f0
│   │   ├── 82
│   │   │   └── ef3d112ecbec039b6555ce6e85ba0f4fb5f3c6
│   │   ├── 83
│   │   │   ├── 2129278147625f8b138c0d9943314201c92af9
│   │   │   ├── 9089ccd6976176a420346f596bc775eb0090e5
│   │   │   ├── ccc54d0286590d31587a71aaa789e780bff41e
│   │   │   ├── d82c50fd1b0c9fe5b60f2cb55e5c17751a9840
│   │   │   └── fba58b37eaa22d58560cfc3b992effa043dbbf
│   │   ├── 84
│   │   │   ├── 80b5acb6c2b9f87f5c83b4f7c9c7a787bc657d
│   │   │   └── 827aed1c13ed810a85560b5c1bee261f84d384
│   │   ├── 85
│   │   │   ├── 600fd107eb27b1fc5432f9fd5a3e4f812f932f
│   │   │   └── f8f0dfd2b5021ab290f469486489389ffe2f4f
│   │   ├── 86
│   │   │   ├── c1ca78f91486adedc61cbcbeb034883cf95406
│   │   │   └── d6fe4d720886eed0840a7a3aa3e419051b3682
│   │   ├── 87
│   │   │   ├── 8d2b62ff0a39314e3b04c5f6f230d6c3daeb6e
│   │   │   ├── a067c3f85202c7f78c6669650b6fa9dd0c9bee
│   │   │   └── debcc1c232c7f65b3e7fa0f2db2d71528d9ed6
│   │   ├── 88
│   │   │   ├── 24db5a28f0d840afb17e5d32dc2aac4115f5ab
│   │   │   ├── 4825fe96bd0d62e899f0706489f161e1f735e9
│   │   │   ├── cbd1e88999dad4d136ee6845179a99ec7b1d52
│   │   │   └── d558012942b34b7b9a0ed8e298e4a1859ed7ce
│   │   ├── 89
│   │   │   ├── 2eceaff2a4e02d6268738f167f57b8792fdf7f
│   │   │   ├── 46aa4ca2bfed43e14c86e8214ba7f6e70cecf8
│   │   │   ├── 690693c3fa7b3e781e0e7279a9155cf9dc1a0c
│   │   │   ├── 8c4e5a5ff21f0ea0d4024d72093e194bb19979
│   │   │   ├── 95554b244aa6ea40eb2b085d43854a603a0e57
│   │   │   ├── aa9bae2266c8647840fc2c72f20a943c452b53
│   │   │   └── e4282fa8c4f1d039f2b28558a9288e0cd95894
│   │   ├── 8a
│   │   │   ├── 1c7d9c2e7e9e3cf020c2a1eb0680afa2101d3b
│   │   │   ├── 5a8fe0a0bbbdb36cb55a33af041921a76ab5d0
│   │   │   ├── 6bf318951575c178861944bf4922fbf272d0c3
│   │   │   ├── aea5a043a9ba4569214904eefaedc01a49526e
│   │   │   ├── ea092861c4cf4b5161a5f0eddc908308364064
│   │   │   └── f13e539db5ab2339827b25e19785f4fb41f895
│   │   ├── 8b
│   │   │   ├── 210d0bbff6fe72d5a3e8f25a9e25095aee475c
│   │   │   ├── 2ad5e9714546058ac3ec466fd041598c8b1a57
│   │   │   └── 789addeedd5a152a529a3ac149bb57b46b7496
│   │   ├── 8c
│   │   │   ├── 3d6cff893a09596c668db593dc0ac1d094c851
│   │   │   ├── 47c0932b6f24ef99dafc6044b6b3198f486b20
│   │   │   ├── 781fe0459e76f8bebcd2e81bb7e3e15e0fde2a
│   │   │   ├── 88f9cbea10d4aaa3b9a4096934e644be06cb35
│   │   │   ├── a3d1cd304cc761005ce76f0d6bdff1d15b3a8d
│   │   │   └── c85d40904da37f27459f8b155c25551e88a9a0
│   │   ├── 8d
│   │   │   ├── 597ed462cc2145477e5036f9f8a3b093c4d79d
│   │   │   ├── 9c27f84f2d79bb4708ef1ae1f57a19b348e17b
│   │   │   └── fffbe27fd7bf9ea0ff5f6009f1ff703f8daaa6
│   │   ├── 8e
│   │   │   ├── 1474f7f540f2d0549985ecac8ef9247421daec
│   │   │   ├── 515a1e39e69fb742f626b1d3404ed802a5f9a8
│   │   │   ├── 5919d09436a65e462275f5ecc925b7cbc2046d
│   │   │   └── f2259dd1a59b43e542964f9f5c20d3cde07a02
│   │   ├── 8f
│   │   │   ├── 778492c615553dcebad0c357265a7cd2f8baee
│   │   │   └── b301aebcfcc4c33ba4f3d032e0ab729d740309
│   │   ├── 90
│   │   │   ├── 0009b4b96a49a6e8579bb06f46cda1da6f0b28
│   │   │   ├── 4108650d6a4552ce876f6d33bf7c3c45aa7acc
│   │   │   ├── 5ed025d7ad0419286eba9199f731676f34ac1b
│   │   │   └── 71f18c047f01f4f7c94fe1d20ca03e7526655a
│   │   ├── 91
│   │   │   └── 4aadc1383886bd91c2a2e76accfe81d71f1417
│   │   ├── 92
│   │   │   ├── 4935d53ff9108eaece69a9f08114c72518741a
│   │   │   ├── 916acaa75582fb1b20b8edd27fde10fd2491a1
│   │   │   ├── de9926abb67338cce1ce700ff66604b78bd869
│   │   │   ├── e2b84270037d3abb053aee90199eae113846a8
│   │   │   ├── e2d44010d443764fd30a3032ce4fd5b95dc61d
│   │   │   └── f0c061c6708250adb2ddaa96410278a410bafe
│   │   ├── 93
│   │   │   ├── 1d1b5cabe17f6855988b79aced6783f83aa4ff
│   │   │   ├── 2bcb08edd8284f6cdc0864f856b0fa6d32b245
│   │   │   ├── 2fd907f0631a32da5cf4389c98cfdabae838c1
│   │   │   └── 40b5e54d0256aa53537dc3a1aac44218e0df77
│   │   ├── 94
│   │   │   ├── 919c1f43f9e2df758bc7e5b493f2a31d32fdc6
│   │   │   ├── 9b89a9b04572a034190bc058d15e42254ce90f
│   │   │   ├── a311192723c4dac07dee9ae7cf24067fbcd637
│   │   │   ├── a862f77aae490b14972e6bc03a5aa6b663c1cf
│   │   │   ├── b5164532a5a0bf4aa5805c11eddaa0c727c39a
│   │   │   ├── bdae55b024e285ecb8963c46b19d90a5fc29d1
│   │   │   └── d5fa0e67fae51355cbe6dfb8a79153b69014cf
│   │   ├── 95
│   │   │   ├── 3d77199f0afe27662dd39189a60ef28c1a5047
│   │   │   └── 93d9820ff1f942cbed6f44608097599c3ef35f
│   │   ├── 96
│   │   │   ├── 3e81a310fba6feceece3c5fb5c069d3956db4c
│   │   │   ├── 5329582ae0a1158509c20059a745fd9d604fcd
│   │   │   ├── 8f087256a823320360127f8b837048845399e3
│   │   │   ├── d437b22e5b3c7dbf07d94633d33daf5cec50be
│   │   │   └── fd35cb0439afa6a7977f07870236deb6965cde
│   │   ├── 97
│   │   │   ├── 27a04da59b81ff31f3602c73a604ffc039f249
│   │   │   ├── b227fcab7acbabbb13cd928b4c16ed2b802ab4
│   │   │   └── db9c9f2e1e182b2e623ccdcf8a67cdfd3395ee
│   │   ├── 98
│   │   │   ├── 3006a103d46b1d8f4c5042fda9b17dbabdce06
│   │   │   ├── b5635933a77ea7dd95f6b67fa56dd3b9715acb
│   │   │   ├── cc62a87268fe65df622512717951a610c50110
│   │   │   └── edecd3700ce706d27882020af7c51970fd2eef
│   │   ├── 99
│   │   │   ├── 44be481759fba2110a3ba6af6d9c647c7ea1a9
│   │   │   ├── 5244de85b0a3a12b50ab8808b9aa97a54b2a9c
│   │   │   ├── 5f8641123b38fd9912c5cdb4b2126da528af66
│   │   │   ├── 68285484dcf18c088e4989434c4bae952d8317
│   │   │   ├── 902bd55a83e88c2db866b8d16fe6ff8c99ee05
│   │   │   ├── c1e377e250595ca1207182d45eae77b1e2c188
│   │   │   └── e17b93afdc8c2b5702e1a73b68ccf85523c7a0
│   │   ├── 9a
│   │   │   ├── 391463d170b5926a744dd983fcc78b7af4de7f
│   │   │   ├── 5e1a81c3a2fa6cd04c3a530defd99d5ad18d90
│   │   │   ├── 6d67dc8e0e296a1323301e27b6df7436dc7624
│   │   │   ├── 95b71013b00e45f670b2c259f800a7bc71d107
│   │   │   ├── 96eb53ad082302b4a3e276fabcfb42dec9b090
│   │   │   └── 97da69d49290cab179da41fdd730f771fb17c0
│   │   ├── 9b
│   │   │   ├── 18078f3196a8ad8560afff0aa319f0835f60a2
│   │   │   ├── 368669788775c859d3f12dec2704884b160127
│   │   │   ├── 552694b78590221c989fa64ad79d738b5a5cf1
│   │   │   └── b1fc07f0fe13504a8a2dfbc3ebe9837034c289
│   │   ├── 9c
│   │   │   ├── 3a19d2e94ac7e8f2041dd217a0e61913227c62
│   │   │   ├── 44a26ddbbd8ec49afaaf8148375e93796c0e71
│   │   │   └── 69b471e165e46a2d97f8fd67d2c3bb905ec5ca
│   │   ├── 9d
│   │   │   ├── 6da1a4acb107e85087be742f25a78f6880e149
│   │   │   └── a41c740a20f9b40acca9d0b007d4312fc41c21
│   │   ├── 9e
│   │   │   └── dfba79760c3e0e75a0ffb33cf43608e72fac44
│   │   ├── 9f
│   │   │   ├── 2b678e952b43a3dbb9f408ea437587d55a79fe
│   │   │   └── fab280fcb95f657f1f31a2b23eb23091e036b9
│   │   ├── a0
│   │   │   └── fd595a6ad3a24692337dad3c8e547bf5c1d0cf
│   │   ├── a1
│   │   │   ├── 17ecad784698758dc0a713783a1a824e4181d7
│   │   │   ├── 1a66c9278b73dc682ed0716a20a8994136b7a5
│   │   │   ├── 81dae40efb5326125603c89a5b7f31b575a222
│   │   │   ├── a01aefa03a34aca440e6f793a1b2461a252a83
│   │   │   ├── a700098f9ad8927d6fb1aec91b8eeb7519cef0
│   │   │   ├── b5cc3540a5a012b3c3ec1a8ca96378b95f1007
│   │   │   └── cdb55c5f4360d41a6cd75dea6368c99a6d927a
│   │   ├── a2
│   │   │   └── e86aa968830b8ec22a9aab99198ab086d28eba
│   │   ├── a3
│   │   │   ├── 3126a40ecf3f27663705de18b5e5e482d8525a
│   │   │   ├── 467f4e27f70673f02d17d54203d6a747eccaa1
│   │   │   └── f6edb9ed58f24589ad5158c7865381e18698f7
│   │   ├── a4
│   │   │   ├── 4db8cac0d974d4c232c15207313ca4facc5f4c
│   │   │   ├── 57c4dc8e77ac245005c5704e545aa7c1db5907
│   │   │   ├── 691337f66c7201fb0c354daa924d93cb69ee7e
│   │   │   ├── 7540f3fddf8ce4f24ea4b0df23da67183cb3d5
│   │   │   ├── 8de7a21bbf2fc1198d5969fd547cdfa0c9a082
│   │   │   ├── aa17f1217f3f8aaea1a8e5749da6498fb5b8a7
│   │   │   ├── e91a655ff4e54e8190ef29882c95cf20e4720e
│   │   │   └── fa1bfd9481e42390d4d3d0a9ac31933ffae73c
│   │   ├── a5
│   │   │   └── c64b5f4e8cc625e29dd86da1c160ea03312a0b
│   │   ├── a6
│   │   │   ├── 00da7227afad8e56d506e395bb90c92618fb60
│   │   │   ├── 1d0a6a58384cc53bec2a308dc7c0713e217786
│   │   │   ├── 9a57e8e4ffee737b6054e9068354426a41030f
│   │   │   ├── cb435e9890f42c2ad518a1f2c3721172e8e8e2
│   │   │   ├── e0b33f0f37dd68fd493c8e94be16f827caf364
│   │   │   └── e87ea978fac9c6c07179d51b5fc53ec923fee6
│   │   ├── a7
│   │   │   ├── a48040f2acf292f6a678179320f89a3a7c0167
│   │   │   ├── b99f2bbfcecb41b7ab1d847506ab7cad84bf6c
│   │   │   └── d7fc236180a7708b457ef69610fced9854a540
│   │   ├── a8
│   │   │   ├── 30f87a5d4bfca9cbbfa4b0819b7c3ebcde32a2
│   │   │   ├── 68a7fe06c0b39acee6b842f8777f541556c6ed
│   │   │   ├── b0db13cb639d9e36ce306092cdca5038f08455
│   │   │   ├── c734206369e95ed86770f4cd4aafd0ac48759b
│   │   │   ├── df90794103e052e53114190a3fe0a823601d30
│   │   │   └── ed279d9f84c504a0bd57d07d56d9035f080dde
│   │   ├── a9
│   │   │   ├── 23a77b855ffca5a2b13c926a05e820e737e9d1
│   │   │   ├── 23d4ccd5f99b20ad29a732d2377ecf5c22c172
│   │   │   ├── 65cf7938c6fd56139267b1c8b56832de10155e
│   │   │   └── fe54e0dc4013c85434c9b5cd1cad83563fb4e3
│   │   ├── aa
│   │   │   ├── 089b8f12f130aa5232e4c15ada4826b3b45945
│   │   │   ├── 2bf1afe4108f88ad6dd3224840cf5679a7d5a3
│   │   │   ├── 44d1e84b81d3db8feb8ff7f69aafcca52d1cdd
│   │   │   └── f3f6eeb1c6de86c0ccc5c07a54ebc3b2c6e7b7
│   │   ├── ab
│   │   │   ├── 0d33ebbf2d68a67a241f2b7213446d53a65828
│   │   │   ├── 8ed1b6dfdf026bede1bb581c01bd0327bc0332
│   │   │   ├── e3259d11dbf395c7ec76274999dfdb83cd182c
│   │   │   └── f19df468650b56dcec3b4fca76373a6c4e5709
│   │   ├── ac
│   │   │   ├── 34cd6272d80964f7ac81d61e0cf5079468be9a
│   │   │   ├── 58b28397690ea88e274876fe460b3a8c00e590
│   │   │   ├── 71dc45aadf9246e2aa2a236788bfb650baa124
│   │   │   ├── af1d31d07270a8b659513672f0a84da8457d51
│   │   │   └── eedac930b44f1a42f37512d40c421839427792
│   │   ├── ad
│   │   │   ├── 6d85f6a00651255a2ffc1b2757277979c8eaa4
│   │   │   ├── 8c3e075abfe396c0560048a716734a5aa36fd7
│   │   │   ├── c329077d4c2efb17e53c1c7962899f12e2c51b
│   │   │   ├── cc67a5c2decfe8568a5b7171b2d10a3e24f006
│   │   │   ├── eea8ade1184f10fec3a70c2e595a7b6dce2cb6
│   │   │   └── f33e0ed15e2f8fe2ec748fc2035cb2a94f899c
│   │   ├── ae
│   │   │   ├── 1090210b7b49f40ce4ac9f7f80f2bbdd01c235
│   │   │   ├── 3b9bbcf8605f376fe5126f9a83256ca70900e7
│   │   │   └── dcd5bbeb785f2c2fefbc4367dc56be54947ab8
│   │   ├── af
│   │   │   └── 34d3c829cd0d6e03b87fea8475049ec76cfaa9
│   │   ├── b0
│   │   │   ├── 0e3d326c00c62962daa6478d474235124f79b9
│   │   │   ├── 1b5fcdc41e3ff7e5562cbe905cdd542b5637e7
│   │   │   ├── 224e6832739c5a57d4e984f0d3da59185e1b32
│   │   │   ├── 26e749ef9e79cf3e7840237b2b46149117c700
│   │   │   ├── 5ff92e9a5229ab383adbbf40e1a9a1bb5d660f
│   │   │   ├── 65f9ec85905235560568c035abcac174086447
│   │   │   ├── b3b95675d16218afcee29eafa300c59ad9d020
│   │   │   ├── bc83398689cfcc8fc724e6a2e1f8a75b8e4f96
│   │   │   └── db7f9042f2ca0c9414349f91a2226a0eecc607
│   │   ├── b1
│   │   │   ├── 49d9f558f4bfa1a30a646f9d3e1098b3595c7b
│   │   │   ├── 85389c37eda440ab98a0083ed655316845c8f3
│   │   │   └── d3e3fa506fcc83e53f7d0bcb2dc78eaa7adb72
│   │   ├── b2
│   │   │   ├── 8cf8cb4a96dbfac615573a2550f395fa211290
│   │   │   ├── b8ba6878b65b3fe642a6009dc0af97279594a2
│   │   │   ├── bca61a21dc747536b7af98525993bd930fcd9a
│   │   │   ├── be620bc3a78ee815beb476061d2767fce2807e
│   │   │   ├── cf2345b1bc4775f3a0d2be0d1416c4b9760840
│   │   │   └── d910779e78e737e84dc3a2451c4378894a2edd
│   │   ├── b3
│   │   │   ├── 80d7184dac6004b187a1539ca0f718525d4d8b
│   │   │   ├── bb153e77821e649e51c0462cf28ca0190c21f3
│   │   │   ├── eb6351c00fc3b883647f2809199cdedebc96a0
│   │   │   └── ee045642fcdcf51af2b21db6cf3137f726233a
│   │   ├── b4
│   │   │   ├── 4f1189060460d9263955edeba7d3112bc7c869
│   │   │   ├── a7fc487f176cd353bcf8d3a38e7f0ce2670832
│   │   │   └── ef405f27261a438b7a1d3a2682651eab506bda
│   │   ├── b5
│   │   │   ├── 2801c6d01710188cc55fee1f41d35b6b2ce07d
│   │   │   ├── 4a2e7cfcbc078371444fab849af00af4fdb8d4
│   │   │   └── e639beb06c483638c0625e3ed406fddc956a57
│   │   ├── b6
│   │   │   └── fba11c39ed10b845a7ea949ba6133462c30fc0
│   │   ├── b7
│   │   │   ├── 00857fcfd2549502c32f0d542ac92fc62e242d
│   │   │   ├── 1e1e12544c8ecc4592c54fd15b5b1db840f903
│   │   │   ├── d6348f02e69b7f55cfb2584066fccf4a7a6f32
│   │   │   ├── e0c66b1319343f3e62d47162ed4d4fbedc0391
│   │   │   └── f5dbc9462e7dc688cb335e45ba5175b9b2fb91
│   │   ├── b8
│   │   │   ├── cc37478aa3afdb7561531e10ae59c20bfedcde
│   │   │   └── dd95b249311f8299014e9e653b5a753ee6be34
│   │   ├── b9
│   │   │   ├── 60288c57129fe92ef20f011d85e8cff924a882
│   │   │   ├── 64cb1735d73bd502e8ab41f86f510f413861e4
│   │   │   └── 9116466e1c58fae892736176dadf4e9d5a152c
│   │   ├── ba
│   │   │   ├── aa2c7f13a0b1f6c22e96cce699121858a6ec54
│   │   │   └── f80f963733b5a34343826d3b57832236018c43
│   │   ├── bb
│   │   │   ├── 652442a4e82e189df8ca295cfd39138c479c99
│   │   │   ├── cc0d8502641e951ff5ea54769a18eb260e21f5
│   │   │   └── e7892e0e4881aafb3567178ac80b48bb4c1ac4
│   │   ├── bc
│   │   │   ├── 756bb98ae800e7bf6c7787f6af2973b50cb8da
│   │   │   └── f7a5ad48b9825011678ea3d63419ff559ec11a
│   │   ├── bd
│   │   │   ├── 116e631ba85bbf344f4449932aa67c174a69e9
│   │   │   ├── 31978e88c09c48578a5103b30332159950cfec
│   │   │   ├── 38e0163b490212cfae222c3856eaeec8f52a08
│   │   │   ├── 6921de81edfcd19ba8e7d5f1753134e1427ad0
│   │   │   ├── 94e5d33e098ae386c277198d7ffc755a819b54
│   │   │   ├── ee367da6cde4f1bed5d98bc9c7132f3dfb8b99
│   │   │   └── f93a8032a5626b14e410db08d468186062a346
│   │   ├── be
│   │   │   └── 08528e6ecbefe7ec2e5e06edc37a0c045aab8b
│   │   ├── bf
│   │   │   └── 50b83b54639bec20f622b50fe83e2cf3b848d2
│   │   ├── c0
│   │   │   ├── 16284adaad6832881c82d0df185d60b1f50b63
│   │   │   ├── c7589ff6a5305300b83a96e19318ed4894d570
│   │   │   ├── cc438b6e2efc48ef9c4e8e815ec9fbe3c26a5b
│   │   │   └── ccd305bbe8abcf6c4b22abe74f604f39f5c4e6
│   │   ├── c1
│   │   │   ├── 0d2c300a0ec84d8fc2c859a90435ac0c9c7283
│   │   │   ├── 9743cbf1b17bbdcba4a8eede1b17cd19545969
│   │   │   ├── 9a0420848c4043ca0bcf03abd14ea9469dc92b
│   │   │   ├── d356d407b90fe0dfc9946fbc397b444b3b4147
│   │   │   └── f4a2d09617c39d2e12f68eab74793bcb6c0d98
│   │   ├── c2
│   │   │   ├── 555742449adbe36269223999294cc4ade9e48d
│   │   │   ├── 8bd916275c636bfe6743b3aed0139a07d08c45
│   │   │   ├── d4d7add11b4644e405401dc46cd4d40585065b
│   │   │   └── e8e53381a031d0b208990678ab910c15895274
│   │   ├── c3
│   │   │   ├── 1b8d796df5a1e5f4114041afeacd7d92789a2e
│   │   │   ├── 51ce22ace874b6ce8ec6939ca43e48aacaef71
│   │   │   ├── cb4433ad16d5a3c90fa287d3cd85c7e3f40fd1
│   │   │   ├── fd2f70e08589c5ecdb2fde8283003bf6710444
│   │   │   └── fee30dfb8b7d04a52e529a673be7a55927ad60
│   │   ├── c4
│   │   │   ├── 018e94c28f687f911699202ca31bc201e7e028
│   │   │   ├── 716a802cda23104d2f62f463039a9f4b84e207
│   │   │   ├── 96d4ebfee9718887b39bbba22c1c6a9ad17943
│   │   │   └── ae5077ef63164312e71c0f1ea4db5e42219a01
│   │   ├── c5
│   │   │   ├── 0b11ba878cf4777f553db3c762b8331e4af0c2
│   │   │   ├── 159051791363881c6afe24055f5a6dcaa43ee6
│   │   │   ├── 5dd9926571dafa3525d6f692df6d05f15da57d
│   │   │   ├── 6241b05f960012f7144de81d1278a9f4b93fce
│   │   │   ├── d04fb5ee0c305ea12ef9ce4cc586db94004218
│   │   │   ├── d19ab0a1a8955c6c01e52d6e57153d3026c874
│   │   │   └── fc3925e8058085d495a317686836b9235ac2b7
│   │   ├── c6
│   │   │   ├── 0b3ae067544f000895ca39fcdf4260c921d278
│   │   │   ├── 400901eced1575cd06c62f3e693c5a71aeaeb8
│   │   │   ├── 61005176fed7d2c6601b7edabe350dcfd5f66e
│   │   │   ├── 7b21795be0928794afe0ef9587b3867eb8de0f
│   │   │   ├── 7c1db3a32b1b3cd38c2b9265ae2f3cec9921f6
│   │   │   ├── d1c454e8c2c616c85715d7b66ec4b8232ad665
│   │   │   └── fc9d8be5d580efc4e8c1202d0c96e5c1bce4a1
│   │   ├── c7
│   │   │   ├── 86756abbd10a6ac500dd20933efa409d328d0c
│   │   │   ├── 970f0ffe0e4b68298fba2ccfc886a8e83d924e
│   │   │   └── b8e2fe46db2bf1d67603be71075ba0e9b542b6
│   │   ├── c8
│   │   │   ├── 0054d328a6f002526b61527473e254b8c8b712
│   │   │   ├── 3bec2d96243d358f45babfbbebb7c195d529d2
│   │   │   ├── 7fba01a1db5bbbc1f6ee38da9ee1e972ad88ae
│   │   │   └── b28e6a1020356bc9b9c0d54d31fe5336ef7f03
│   │   ├── c9
│   │   │   ├── 06ddf10f2a424a0df65be8e0097e31ee2f055f
│   │   │   ├── 41028da448d493db003bccf7f6d6aa97622c9e
│   │   │   └── a4e18f8212ef29dce6b45523d53a5dbbc38ab5
│   │   ├── ca
│   │   │   ├── 69c9491a723b5cd369cb2edfbbdabf76025b80
│   │   │   └── b9247cbac21001eda6017c8dcf654453d56738
│   │   ├── cb
│   │   │   ├── 9a18accfc367a7079181df301a338f48b70814
│   │   │   └── cc73ef0ebb7a87c6f464a1a33f4af6b427c900
│   │   ├── cc
│   │   │   ├── 36bdeb59e6fab7394af3f25f7f2df0af478e23
│   │   │   └── 5c048ea7a276f73017d077cd9dfcaed682d6b7
│   │   ├── cd
│   │   │   ├── 61177aa91417352538ed8b6c1a58fe06f5c8c1
│   │   │   ├── 88812446b4f8e0b248d0accb717ed90c38f30b
│   │   │   ├── 8d561b378314e3741485d21dc5813aebb394f4
│   │   │   └── ca45edd84f121999fe60bd9ed88d6646789373
│   │   ├── ce
│   │   │   ├── 02a64ee3ecf31dfcd4da8bc5c1936036077b79
│   │   │   ├── 47be167ac6178be090de394b615f2d98ed9b7a
│   │   │   ├── 6ba915bc0f892857f549b816ccbbef606ceb60
│   │   │   └── b36897a889b39a0331e8f1d5e845269bbffffc
│   │   ├── cf
│   │   │   ├── 49b0413cdaec8bf4a997f0dee3d941c65fba87
│   │   │   ├── 51faf000d9e01b0635bc8d9728e898bcd64f8e
│   │   │   └── 79a1445a9f0abd692176329b81256352e2d7f8
│   │   ├── d0
│   │   │   ├── 5bceb0d4a90992c36a4f81e0aac33a71ed56b3
│   │   │   ├── e6e674484005149a65429a8068b31c49f8122f
│   │   │   └── ea976708c9658555c08047c3efa16a2151117a
│   │   ├── d1
│   │   │   ├── 182a3f87b6ec5b97f48d313764c61fdc73ebfc
│   │   │   ├── 3e0ee507140afc055be651e65af6df328431cc
│   │   │   ├── 69ce40938eff6f883bf062333d14f8e7a99a1c
│   │   │   ├── 89bf2fb9ceefee81ef6996a3569053e55b8534
│   │   │   └── ac9921026b006b0ab2168ad5e871be137ed643
│   │   ├── d2
│   │   │   ├── 415a2d951e8cb2e0467dc71caddfde6cbd28ed
│   │   │   ├── d7b44db7d5c8e8b2e7877421e9ac19820e572c
│   │   │   └── da4e4740b4988378569c61363e7971a1b72936
│   │   ├── d3
│   │   │   ├── 2a659a7b7ea3b7a8fef2e88a2cfc1faa5fa48e
│   │   │   └── 7c3af935cd2432933db28e3897c1c25f38b915
│   │   ├── d4
│   │   │   ├── 109f5c08d4c5608a51812b37f17b11c6d4b621
│   │   │   ├── 9542d6eb98f08041996f13aeec71ff450b776d
│   │   │   ├── ca543d9c781816bb7ce20cabdd384367b9dd59
│   │   │   ├── d8e25f1b6e3c3f15d0f7ff34fd6b7d46232766
│   │   │   └── e4476d29808b17c6cc4a59a45438514714f382
│   │   ├── d5
│   │   │   ├── 07e7bf581ec0751f244b5f08f6e362cb5dc0f1
│   │   │   ├── 08e88bc7e0e59b7a71de9c0d4bc9314538ebe6
│   │   │   ├── 67d230173db22c458c77c87eda5b67f672b145
│   │   │   ├── 98906dc844d628d875dce39efcaddfc8f6b8ee
│   │   │   └── b9a3c028e55ea185a6e0ae5ddd800603c57e7e
│   │   ├── d6
│   │   │   ├── 1b14450a31fee9fbb123f35aafc6c3e5a6ef3b
│   │   │   ├── d0b6b2cd40c322245103d7e1a783194b5824b5
│   │   │   └── da8c60d97d1b9fed131fbce213f7f3d8132a7d
│   │   ├── d7
│   │   │   ├── 043cd058e1fe87a073e48279bb37755778aed0
│   │   │   ├── 2e0475bc8582628e5c4b80cbf166fcf5f8c1d3
│   │   │   ├── 4813c71bf8d92d64cd8df7a167158872425f78
│   │   │   └── 4db5e9e1e495d5b0ca6e11a69bfdac6ae2602a
│   │   ├── d8
│   │   │   └── 9b9b83f739df7c612481e824d3469638b24ee8
│   │   ├── d9
│   │   │   ├── 40b4b9c036b2c5610a3cfe632ba9a088ea652e
│   │   │   ├── 814f3765cf1c82409d3e84a1745a7f3cc6e51d
│   │   │   └── 964ec3e75eb94318ff4425234630db35eac337
│   │   ├── da
│   │   │   └── 84669e1c299a5463ddff1ae0fa9bb19945ceb2
│   │   ├── db
│   │   │   ├── 4769d2bd8cdad7ee743ce96a5f50dd2e94d851
│   │   │   ├── 56f98521338e8c4bc3b75b0cc7e93a445370e1
│   │   │   ├── a76aa0439edbc5c1562efc0df2126036141736
│   │   │   └── e8ddac91624945119e24f0999c10fdf2c31d26
│   │   ├── dc
│   │   │   ├── 2eb15748156cf1c736e58fd4800ca9e06a32a7
│   │   │   ├── 39275eb6465ab73200bc751321790c36036332
│   │   │   ├── 9b5f4debebff770bfd9beb20d2be5d1aa99e9f
│   │   │   ├── b9941096c65dbe3541a287522df427395ff2b0
│   │   │   ├── d9a1fdcbf64b8db5fe64a4da7cec8f843f3630
│   │   │   └── f5a61e2489f0a673427e6ffeb95d6ccb039e4a
│   │   ├── dd
│   │   │   ├── 1a6e8721ab1a647c7643f154367fe9a3b1f608
│   │   │   └── f5ba887db63f6c1032ccd72a5f890f9087411e
│   │   ├── de
│   │   │   ├── 1ac97a6ca95a43f268e4ae467b0f657ee8e7de
│   │   │   ├── 244eff166378dbbaae30bc19532b9b9c917dfb
│   │   │   ├── 5926eccd94d07d85304e81010def7dec5b333e
│   │   │   ├── 9a7bf46196be9dba2f1b54fd4321c1dad9f888
│   │   │   ├── fb36f8c481ddec295f72c304f55206539f4552
│   │   │   └── fc078da4bf6373bfe5ad017ae613b7a9287710
│   │   ├── df
│   │   │   ├── 499fd9d32fb0e4110243e40d96f7759579fa19
│   │   │   ├── 58e801eb9c1b5a4186ef27c2a1306efafe250c
│   │   │   ├── e238f9c0477cc730aae5b512ec7b8dab8c1f15
│   │   │   └── e77cfb287ec93ab4ab79629fcd0a1461f1f62c
│   │   ├── e0
│   │   │   ├── 0d27c67e230d79098df9b452328edd95cda3d5
│   │   │   └── 7323ac9fde786bc815068ac81350ea86f3c97a
│   │   ├── e1
│   │   │   └── 6fa69d9e174c4000a8347561f56016a1bb2b6b
│   │   ├── e2
│   │   │   └── 11798c731e0b0cf0983c3083464e7d69d52915
│   │   ├── e3
│   │   │   ├── 159e3c98d3bff16ded0d87ee5958b856a5b8fb
│   │   │   ├── 93f9371bbed7fc95baf43106751dd3ab92f312
│   │   │   ├── 968791c99dcd635fda56d54411dafb663f6149
│   │   │   ├── a87f8869615ad4f4629b3720832c4e7f7aad15
│   │   │   ├── dbbfd5ef61d394257d232c4f2e03003fc7d515
│   │   │   └── fae77f58f058ccb2900df8e09462a2c09746c0
│   │   ├── e4
│   │   │   ├── 6a0fd09d32cdee008c49168264ac5406613c10
│   │   │   ├── 96b234b76c5282beecb69d95e2c89576731d45
│   │   │   ├── afc59ae117ac53a3b6077bd2d0ac66fc722f4d
│   │   │   └── be1962695e78cae0ad97d358158ab5962323bb
│   │   ├── e5
│   │   │   ├── 028d38f3c14b5d0e23afcab817debf4e8b8483
│   │   │   ├── 384e0ed1de394b4c233c9e8ef1c340cb0cf1fe
│   │   │   ├── 6daf6e583ac89ae81c846a76ab151d53d9464e
│   │   │   ├── 7f225aa50a9e04f7c3ebd02e7caf7560dca2de
│   │   │   └── 9b3d01b30b44de4a625adf4ee4449e3362ef9a
│   │   ├── e6
│   │   │   ├── 4cac0e1a12d51c17d9beab3cc1652a0b335261
│   │   │   ├── 4ea19a13c55cb743d7f3e65dd677a56eea7389
│   │   │   ├── 6d5a9970bc30f50044bade824d5f437b7fc820
│   │   │   ├── a8ac378e432e2c42cef66d237fa5bd26329c33
│   │   │   ├── aded4e14bff19885234a800e1b587401fec5ce
│   │   │   └── b2d31450c7dfd42b4738123c3f011ddbfe031e
│   │   ├── e7
│   │   │   └── 126fe0ea78c7e64340900a1eaf37193988edb7
│   │   ├── e8
│   │   │   ├── 8956ec6244871d3aa815e6e35f2fbcd0e728f1
│   │   │   ├── e354ba6b38806e04e9e1651f71bc6b437795a5
│   │   │   ├── e797d7ae203ff84fc6a65d04c44a90785fde71
│   │   │   └── f9e2a7e9101922138d0bfc05406f027227b32a
│   │   ├── e9
│   │   │   ├── 024ca7144773066bcccfecdd69a1095312f46b
│   │   │   ├── 077ad85e67af99222b8e5304d86874106bcc03
│   │   │   ├── 2c0801bf941026517e5aa25d1b91bfe2153d0d
│   │   │   ├── 67da664dcbaa9a6c0c5aff167afe59518e459b
│   │   │   └── fb7be316b98884a77bc42b682f35508930fea6
│   │   ├── ea
│   │   │   ├── 0f53a59eb2decbf762e8a81a927f0593b65e2e
│   │   │   └── 1484aa1db0031114a7fa65f9aeab041e861f4a
│   │   ├── eb
│   │   │   ├── 0b7afb753ec6f4190f50bab7bdd3fa32818a23
│   │   │   ├── 4e5381550b4bc63b49916b56ef0fe88a360aab
│   │   │   ├── 5c4e18921c5e53d0e71ad686d8028f682be7cc
│   │   │   ├── 8e74fb16b42c9b31aa676d036b13c4b864b6ec
│   │   │   ├── d36949636362aed3694ba985fe8cdff9bace41
│   │   │   ├── f44660a4428c628847f8c7ac604f920b201e77
│   │   │   └── f6c1d0c95e4ebd9bb496174ef4de102abdadbc
│   │   ├── ec
│   │   │   ├── 2bf6a16b273d21fb60e43d1aaef97e221ae871
│   │   │   ├── 36cce32e8940d167bc03f7769dcea86c9d4312
│   │   │   └── 38d3bfe9275641ef2ba28f5724cf8ed69ce343
│   │   ├── ed
│   │   │   ├── 1b8e07551e746af61ee4709807c137a7a2b02a
│   │   │   ├── 6f356dd286748205dcdc08978295946bdeade1
│   │   │   ├── 6f91bcf749bdc8b9b90cb50fcccbc154e7ce56
│   │   │   └── f16968f28447fc3139a4f1842914b4ef786598
│   │   ├── ee
│   │   │   ├── 2472b17f7e60e2cdc32141dd4356bc7e8999c3
│   │   │   ├── 50a49aad8dd35d54cd5c5b0d7e5b83600b195c
│   │   │   └── c19ee00d5ad79b39637509bb8e9f653cdf1cff
│   │   ├── ef
│   │   │   ├── 273165db4ad683f50cf2b0f767dc2954ee3548
│   │   │   ├── 92868efc70c5d23c0e42427835fde6a4fca47f
│   │   │   └── cbed906bb8a3c2e6c2b8ea57ef7af2df19c5c5
│   │   ├── f0
│   │   │   ├── 045107cfb988f1efcc847a8877e3748607d8d3
│   │   │   ├── 9bea25fdfa2953b11c5bcc78af660e922bec09
│   │   │   └── d0923b588df12b97185ea187fca766899d1e52
│   │   ├── f1
│   │   │   ├── 87a3d5de4f02f521486048547dfe1cb115bea7
│   │   │   ├── a46368823e2938cab0b36187a531affcc0eaf6
│   │   │   ├── bf7e0a10a462a72d43a658d5f8fb43521046ed
│   │   │   ├── c5b6f344f85987d144a1b81572185f7f1e6d2c
│   │   │   └── f8270c6c42b68617d72ee88afc549f9c6370c2
│   │   ├── f2
│   │   │   ├── 13dc67a5e1e01a17a5b339ebd8d892a21d6092
│   │   │   ├── 301603151a5eeae35076fb85411c84d03f09f2
│   │   │   ├── 38a756cf795c23b7c210cbf7a63cfdbc22e766
│   │   │   ├── 3c8b111b0fea68ee0ac80a982520bbadc4ed85
│   │   │   ├── 47703eb309246134b0e7fc2617d05818719e47
│   │   │   └── 641ad9ab435d71e4967c332ef2c64c444b5050
│   │   ├── f3
│   │   │   ├── 4fa7bb64cc1bb2d80d4ac51c085048a9133fa1
│   │   │   ├── 5891b3f81b2485aa996c59ef0dad42bc406888
│   │   │   ├── ea951d01302a9d52fdc8852c7fe773675d1240
│   │   │   ├── f3ca8af4d0e0de31c9c0233943291d460bb44d
│   │   │   └── fd38c2839c001feae1b7b4249488f4372e6f42
│   │   ├── f4
│   │   │   ├── 4e082c10bc9930fa043a701af7cc4a46ec300e
│   │   │   ├── d5dc1bff1fa737d8ce509d0b2714b773ae3f8b
│   │   │   └── e49f4310180fc8cd2a668ec91009d42df89056
│   │   ├── f5
│   │   │   ├── 303326e9bec0d176ccab018852b56dc6e51172
│   │   │   └── 4e9b7bd7219fd84c5d06b43654d711c24cadd6
│   │   ├── f6
│   │   │   ├── 10a9bd93d073a0fb9d9a75cc57de9d77913924
│   │   │   ├── 2c3c68b21433d4b36c69ee63d805232a401b26
│   │   │   ├── 62715f389536f07f91bbbc59b3d4a04ea3b5f5
│   │   │   ├── aab8a4aaf6d665d2b60a9f5ae0b6772968dc9c
│   │   │   ├── edb766fe112510e7cec50239855cad011ebfe3
│   │   │   └── fce1d2cae8f186408681326dddb33b0586dc01
│   │   ├── f7
│   │   │   ├── 5af29fd819f4fd0a8655b84d3d49e2a44995ea
│   │   │   └── 9066fa8604bf1e2aef4718842dcc76c227233f
│   │   ├── f8
│   │   │   ├── 2879dd66813125d74d77ef97928d4280ece90d
│   │   │   ├── 66aa95a17e3ef150480dd43ed9b9f9249dfcae
│   │   │   └── e34d0fb09968f2f685b67db987753daa1fb659
│   │   ├── f9
│   │   │   ├── 642c5f1828c9dab06f99abf5cc0ab2a7a35cf8
│   │   │   └── f0ebc2c05e81ebad21cf246b5b8f638c790383
│   │   ├── fa
│   │   │   ├── 8a22e8ae7dd68e3dcd248a7f7e90427e60c98e
│   │   │   ├── 9e5fd9f9ac5d084b8d5460c6d156ae7cc63c60
│   │   │   ├── c11fc4ddadc2c3a892ccec62d294f1e950676a
│   │   │   ├── d0f6ad2174d4e313c0fa35ee78c82393d7430a
│   │   │   └── d8b3a28458658b804ed65b28084b17c4399e42
│   │   ├── fb
│   │   │   ├── 1e75d42fbc7181e8132202c1ed6937f4e6a59b
│   │   │   ├── 5f4d52560be40289b574171dabb3e051069b11
│   │   │   ├── 7c0100656f99911613da88ba501b114ff6ca37
│   │   │   ├── 8d48fedd56f1435749c5095d7292136ac70a94
│   │   │   ├── d182d0abafa750bafd7ebc5185b84cfe610c21
│   │   │   └── d80ae931a14e170b234dd44de5db6b7996214a
│   │   ├── fc
│   │   │   ├── 379307872cbb23b2395b88cac596f4923ca702
│   │   │   ├── b5d48aac5471c3c3ca57687f0c8546467b24e7
│   │   │   └── e8099f96c5c9426402f36df09c0f816132e42f
│   │   ├── fd
│   │   │   ├── 8b9a32380fabc1a6705ae37c75dd17f23e6555
│   │   │   ├── 913f834a0a77e05bf7332b32b13372bd1f78a2
│   │   │   ├── c3585f258e502c4b2ac305df2fdf16fc8af732
│   │   │   ├── d0f3fe4daa96b3afaee34c1dd3befd1a744ee2
│   │   │   └── d8dc723058f564f898c0fcf7743933248e3c18
│   │   ├── fe
│   │   │   ├── 8b9e949c9f5de57761fa57072257f270aa1edc
│   │   │   └── ddd1c048fe968e8d2446bc37b8cf0db7713a27
│   │   ├── ff
│   │   │   ├── 0b186410b16acc0d4c942970611b256986105b
│   │   │   └── 21fe8a768c159c7531c0734374e43db9496cd4
│   │   ├── info
│   │   └── pack
│   │       ├── pack-610c31b853f687c84a1d194874412268586a973e.idx
│   │       └── pack-610c31b853f687c84a1d194874412268586a973e.pack
│   ├── packed-refs
│   └── refs
│       ├── heads
│       │   ├── development
│       │   └── main
│       ├── remotes
│       │   └── origin
│       │       ├── HEAD
│       │       ├── development
│       │       └── main
│       └── tags
├── .gitignore
├── CMakeLists.txt
├── LICENSE
├── Makefile
├── README.md
├── data
│   ├── Alob5_WT_758.CNG.swc
│   ├── SWC
│   │   ├── 0-2a.CNG.swc
│   │   ├── 0001_1.CNG.swc
│   │   ├── 0001_2.CNG.swc
│   │   ├── 0002-2_2.CNG.swc
│   │   ├── 185-4-16dw.CNG.swc
│   │   ├── 228-10MG.CNG.swc
│   │   ├── 228-12-NBSS.CNG.swc
│   │   ├── 228-12MG.CNG.swc
│   │   ├── 228-16-NBSS.CNG.swc
│   │   ├── 228-9MG.CNG.swc
│   │   ├── Purkinje-slice-ageP35-3.CNG.swc
│   │   ├── Purkinje-slice-ageP35-4.CNG.swc
│   │   ├── Purkinje-slice-ageP37-5.CNG.swc
│   │   ├── Purkinje-slice-ageP43-6.CNG.swc
│   │   └── neuron.swc
│   ├── UGX
│   │   ├── 0-2a.ugx
│   │   ├── 0001_1.ugx
│   │   ├── 0001_2.ugx
│   │   ├── 0002-2_2.ugx
│   │   ├── 185-4-16dw.ugx
│   │   ├── 228-10MG.ugx
│   │   ├── 228-12-NBSS.ugx
│   │   ├── 228-12MG.ugx
│   │   ├── 228-16-NBSS.ugx
│   │   ├── 228-9MG.ugx
│   │   ├── Purkinje-slice-ageP35-3.ugx
│   │   ├── Purkinje-slice-ageP35-4.ugx
│   │   ├── Purkinje-slice-ageP37-5.ugx
│   │   ├── Purkinje-slice-ageP43-6.ugx
│   │   └── neuron.ugx
│   ├── neuron.swc
│   ├── neuron.ugx
│   └── purkinjeNoSoma.swc
├── include
│   ├── externals
│   │   └── doctest.h
│   └── project
│       ├── neurongraph.h
│       └── utils.h
├── logs
│   ├── project_structure.log
│   └── system_info.log
├── output
│   ├── 0-2a.CNG_refinements
│   │   ├── refinement_1.swc
│   │   ├── refinement_1.ugx
│   │   ├── refinement_2.swc
│   │   ├── refinement_2.ugx
│   │   ├── refinement_3.swc
│   │   ├── refinement_3.ugx
│   │   ├── refinement_4.swc
│   │   ├── refinement_4.ugx
│   │   ├── refinement_5.swc
│   │   ├── refinement_5.ugx
│   │   ├── refinement_6.swc
│   │   └── refinement_6.ugx
│   ├── 0-2a.CNG_trunks
│   │   ├── trunk_0.swc
│   │   ├── trunk_1.swc
│   │   ├── trunk_10.swc
│   │   ├── trunk_11.swc
│   │   ├── trunk_12.swc
│   │   ├── trunk_13.swc
│   │   ├── trunk_14.swc
│   │   ├── trunk_15.swc
│   │   ├── trunk_16.swc
│   │   ├── trunk_17.swc
│   │   ├── trunk_18.swc
│   │   ├── trunk_19.swc
│   │   ├── trunk_2.swc
│   │   ├── trunk_20.swc
│   │   ├── trunk_21.swc
│   │   ├── trunk_22.swc
│   │   ├── trunk_23.swc
│   │   ├── trunk_24.swc
│   │   ├── trunk_25.swc
│   │   ├── trunk_26.swc
│   │   ├── trunk_27.swc
│   │   ├── trunk_28.swc
│   │   ├── trunk_29.swc
│   │   ├── trunk_3.swc
│   │   ├── trunk_4.swc
│   │   ├── trunk_5.swc
│   │   ├── trunk_6.swc
│   │   ├── trunk_7.swc
│   │   ├── trunk_8.swc
│   │   └── trunk_9.swc
│   ├── 185-4-16dw.CNG_refinements
│   │   ├── refinement_1.swc
│   │   ├── refinement_1.ugx
│   │   ├── refinement_2.swc
│   │   ├── refinement_2.ugx
│   │   ├── refinement_3.swc
│   │   ├── refinement_3.ugx
│   │   ├── refinement_4.swc
│   │   ├── refinement_4.ugx
│   │   ├── refinement_5.swc
│   │   ├── refinement_5.ugx
│   │   ├── refinement_6.swc
│   │   └── refinement_6.ugx
│   ├── Alob5_WT_758.CNG_refined.swc
│   ├── UGX
│   │   ├── 0-2a.ugx
│   │   ├── 0001_1.ugx
│   │   ├── 0001_2.ugx
│   │   ├── 0002-2_2.ugx
│   │   ├── 185-4-16dw.ugx
│   │   ├── 228-10MG.ugx
│   │   ├── 228-12-NBSS.ugx
│   │   ├── 228-12MG.ugx
│   │   ├── 228-16-NBSS.ugx
│   │   ├── 228-9MG.ugx
│   │   ├── Purkinje-slice-ageP35-3.ugx
│   │   ├── Purkinje-slice-ageP35-4.ugx
│   │   ├── Purkinje-slice-ageP37-5.ugx
│   │   ├── Purkinje-slice-ageP43-6.ugx
│   │   └── neuron.ugx
│   ├── main_output
│   │   └── examplewrite.swc
│   ├── neuron_linear_resampled_reassembled.swc
│   ├── neuron_refinements
│   │   ├── refinement_0.swc
│   │   ├── refinement_1.swc
│   │   ├── refinement_1.ugx
│   │   ├── refinement_2.swc
│   │   ├── refinement_2.ugx
│   │   ├── refinement_3.swc
│   │   ├── refinement_3.ugx
│   │   ├── refinement_4.swc
│   │   ├── refinement_4.ugx
│   │   ├── refinement_5.swc
│   │   ├── refinement_5.ugx
│   │   ├── refinement_6.swc
│   │   └── refinement_6.ugx
│   ├── neuron_trunks_resampled
│   │   ├── trunk_0.swc
│   │   ├── trunk_1.swc
│   │   ├── trunk_10.swc
│   │   ├── trunk_11.swc
│   │   ├── trunk_12.swc
│   │   ├── trunk_13.swc
│   │   ├── trunk_14.swc
│   │   ├── trunk_15.swc
│   │   ├── trunk_16.swc
│   │   ├── trunk_17.swc
│   │   ├── trunk_18.swc
│   │   ├── trunk_19.swc
│   │   ├── trunk_2.swc
│   │   ├── trunk_20.swc
│   │   ├── trunk_21.swc
│   │   ├── trunk_22.swc
│   │   ├── trunk_23.swc
│   │   ├── trunk_24.swc
│   │   ├── trunk_25.swc
│   │   ├── trunk_26.swc
│   │   ├── trunk_27.swc
│   │   ├── trunk_28.swc
│   │   ├── trunk_29.swc
│   │   ├── trunk_3.swc
│   │   ├── trunk_30.swc
│   │   ├── trunk_31.swc
│   │   ├── trunk_32.swc
│   │   ├── trunk_33.swc
│   │   ├── trunk_34.swc
│   │   ├── trunk_35.swc
│   │   ├── trunk_36.swc
│   │   ├── trunk_37.swc
│   │   ├── trunk_38.swc
│   │   ├── trunk_39.swc
│   │   ├── trunk_4.swc
│   │   ├── trunk_40.swc
│   │   ├── trunk_41.swc
│   │   ├── trunk_42.swc
│   │   ├── trunk_43.swc
│   │   ├── trunk_44.swc
│   │   ├── trunk_45.swc
│   │   ├── trunk_46.swc
│   │   ├── trunk_47.swc
│   │   ├── trunk_48.swc
│   │   ├── trunk_49.swc
│   │   ├── trunk_5.swc
│   │   ├── trunk_50.swc
│   │   ├── trunk_51.swc
│   │   ├── trunk_52.swc
│   │   ├── trunk_53.swc
│   │   ├── trunk_54.swc
│   │   ├── trunk_55.swc
│   │   ├── trunk_56.swc
│   │   ├── trunk_57.swc
│   │   ├── trunk_58.swc
│   │   ├── trunk_59.swc
│   │   ├── trunk_6.swc
│   │   ├── trunk_60.swc
│   │   ├── trunk_61.swc
│   │   ├── trunk_62.swc
│   │   ├── trunk_63.swc
│   │   ├── trunk_64.swc
│   │   ├── trunk_65.swc
│   │   ├── trunk_66.swc
│   │   ├── trunk_67.swc
│   │   ├── trunk_68.swc
│   │   ├── trunk_69.swc
│   │   ├── trunk_7.swc
│   │   ├── trunk_70.swc
│   │   ├── trunk_71.swc
│   │   ├── trunk_72.swc
│   │   ├── trunk_73.swc
│   │   ├── trunk_74.swc
│   │   ├── trunk_75.swc
│   │   ├── trunk_76.swc
│   │   ├── trunk_77.swc
│   │   ├── trunk_78.swc
│   │   ├── trunk_8.swc
│   │   └── trunk_9.swc
│   ├── neuron_trunks_resampled_cubic
│   │   ├── trunk_0.swc
│   │   ├── trunk_1.swc
│   │   ├── trunk_10.swc
│   │   ├── trunk_11.swc
│   │   ├── trunk_12.swc
│   │   ├── trunk_13.swc
│   │   ├── trunk_14.swc
│   │   ├── trunk_15.swc
│   │   ├── trunk_16.swc
│   │   ├── trunk_17.swc
│   │   ├── trunk_18.swc
│   │   ├── trunk_19.swc
│   │   ├── trunk_2.swc
│   │   ├── trunk_20.swc
│   │   ├── trunk_21.swc
│   │   ├── trunk_22.swc
│   │   ├── trunk_23.swc
│   │   ├── trunk_24.swc
│   │   ├── trunk_25.swc
│   │   ├── trunk_26.swc
│   │   ├── trunk_27.swc
│   │   ├── trunk_28.swc
│   │   ├── trunk_29.swc
│   │   ├── trunk_3.swc
│   │   ├── trunk_30.swc
│   │   ├── trunk_31.swc
│   │   ├── trunk_32.swc
│   │   ├── trunk_33.swc
│   │   ├── trunk_34.swc
│   │   ├── trunk_35.swc
│   │   ├── trunk_36.swc
│   │   ├── trunk_37.swc
│   │   ├── trunk_38.swc
│   │   ├── trunk_39.swc
│   │   ├── trunk_4.swc
│   │   ├── trunk_40.swc
│   │   ├── trunk_41.swc
│   │   ├── trunk_42.swc
│   │   ├── trunk_43.swc
│   │   ├── trunk_44.swc
│   │   ├── trunk_45.swc
│   │   ├── trunk_46.swc
│   │   ├── trunk_47.swc
│   │   ├── trunk_48.swc
│   │   ├── trunk_49.swc
│   │   ├── trunk_5.swc
│   │   ├── trunk_50.swc
│   │   ├── trunk_51.swc
│   │   ├── trunk_52.swc
│   │   ├── trunk_53.swc
│   │   ├── trunk_54.swc
│   │   ├── trunk_55.swc
│   │   ├── trunk_56.swc
│   │   ├── trunk_57.swc
│   │   ├── trunk_58.swc
│   │   ├── trunk_59.swc
│   │   ├── trunk_6.swc
│   │   ├── trunk_60.swc
│   │   ├── trunk_61.swc
│   │   ├── trunk_62.swc
│   │   ├── trunk_63.swc
│   │   ├── trunk_64.swc
│   │   ├── trunk_65.swc
│   │   ├── trunk_66.swc
│   │   ├── trunk_67.swc
│   │   ├── trunk_68.swc
│   │   ├── trunk_69.swc
│   │   ├── trunk_7.swc
│   │   ├── trunk_70.swc
│   │   ├── trunk_71.swc
│   │   ├── trunk_72.swc
│   │   ├── trunk_73.swc
│   │   ├── trunk_74.swc
│   │   ├── trunk_75.swc
│   │   ├── trunk_76.swc
│   │   ├── trunk_77.swc
│   │   ├── trunk_78.swc
│   │   ├── trunk_8.swc
│   │   └── trunk_9.swc
│   ├── test_assemble_multiple_neurons
│   │   ├── neuron_1.swc
│   │   ├── neuron_10.swc
│   │   ├── neuron_11.swc
│   │   ├── neuron_12.swc
│   │   ├── neuron_13.swc
│   │   ├── neuron_14.swc
│   │   ├── neuron_15.swc
│   │   ├── neuron_2.swc
│   │   ├── neuron_3.swc
│   │   ├── neuron_4.swc
│   │   ├── neuron_5.swc
│   │   ├── neuron_6.swc
│   │   ├── neuron_7.swc
│   │   ├── neuron_8.swc
│   │   └── neuron_9.swc
│   ├── test_output
│   │   ├── neuron_nosomasegment.swc
│   │   ├── neuron_splitedges1.swc
│   │   ├── neuron_splitedges2.swc
│   │   ├── neuron_splitedges3.swc
│   │   ├── purkinjeNoSoma.swc
│   │   ├── purkinjeNoSoma.ugx
│   │   ├── purkinjeWithSoma.swc
│   │   ├── reassembledFromTrunks.swc
│   │   ├── reassembled_linearspline.swc
│   │   ├── swc2ugx.ugx
│   │   ├── test_output.swc
│   │   ├── test_write.swc
│   │   ├── test_write.ugx
│   │   ├── testneuron.ugx
│   │   ├── testneuron2.ugx
│   │   └── ugx2swc.swc
│   ├── test_resampled
│   │   ├── neuron_linear_resampled_refinement_1.swc
│   │   ├── neuron_linear_resampled_refinement_10.swc
│   │   ├── neuron_linear_resampled_refinement_11.swc
│   │   ├── neuron_linear_resampled_refinement_12.swc
│   │   ├── neuron_linear_resampled_refinement_13.swc
│   │   ├── neuron_linear_resampled_refinement_2.swc
│   │   ├── neuron_linear_resampled_refinement_3.swc
│   │   ├── neuron_linear_resampled_refinement_4.swc
│   │   ├── neuron_linear_resampled_refinement_5.swc
│   │   ├── neuron_linear_resampled_refinement_6.swc
│   │   ├── neuron_linear_resampled_refinement_7.swc
│   │   ├── neuron_linear_resampled_refinement_8.swc
│   │   └── neuron_linear_resampled_refinement_9.swc
│   ├── test_resampled_cubic
│   │   ├── neuron_cubic_resampled_refinement_1.swc
│   │   ├── neuron_cubic_resampled_refinement_10.swc
│   │   ├── neuron_cubic_resampled_refinement_11.swc
│   │   ├── neuron_cubic_resampled_refinement_12.swc
│   │   ├── neuron_cubic_resampled_refinement_13.swc
│   │   ├── neuron_cubic_resampled_refinement_2.swc
│   │   ├── neuron_cubic_resampled_refinement_3.swc
│   │   ├── neuron_cubic_resampled_refinement_4.swc
│   │   ├── neuron_cubic_resampled_refinement_5.swc
│   │   ├── neuron_cubic_resampled_refinement_6.swc
│   │   ├── neuron_cubic_resampled_refinement_7.swc
│   │   ├── neuron_cubic_resampled_refinement_8.swc
│   │   └── neuron_cubic_resampled_refinement_9.swc
│   └── test_trunks
│       ├── trunk_0.swc
│       ├── trunk_1.swc
│       ├── trunk_10.swc
│       ├── trunk_11.swc
│       ├── trunk_12.swc
│       ├── trunk_13.swc
│       ├── trunk_14.swc
│       ├── trunk_15.swc
│       ├── trunk_16.swc
│       ├── trunk_17.swc
│       ├── trunk_18.swc
│       ├── trunk_19.swc
│       ├── trunk_2.swc
│       ├── trunk_20.swc
│       ├── trunk_21.swc
│       ├── trunk_22.swc
│       ├── trunk_23.swc
│       ├── trunk_24.swc
│       ├── trunk_25.swc
│       ├── trunk_26.swc
│       ├── trunk_27.swc
│       ├── trunk_28.swc
│       ├── trunk_29.swc
│       ├── trunk_3.swc
│       ├── trunk_30.swc
│       ├── trunk_31.swc
│       ├── trunk_32.swc
│       ├── trunk_33.swc
│       ├── trunk_34.swc
│       ├── trunk_35.swc
│       ├── trunk_36.swc
│       ├── trunk_37.swc
│       ├── trunk_38.swc
│       ├── trunk_39.swc
│       ├── trunk_4.swc
│       ├── trunk_40.swc
│       ├── trunk_41.swc
│       ├── trunk_42.swc
│       ├── trunk_43.swc
│       ├── trunk_44.swc
│       ├── trunk_45.swc
│       ├── trunk_46.swc
│       ├── trunk_47.swc
│       ├── trunk_48.swc
│       ├── trunk_49.swc
│       ├── trunk_5.swc
│       ├── trunk_50.swc
│       ├── trunk_51.swc
│       ├── trunk_52.swc
│       ├── trunk_53.swc
│       ├── trunk_54.swc
│       ├── trunk_55.swc
│       ├── trunk_56.swc
│       ├── trunk_57.swc
│       ├── trunk_58.swc
│       ├── trunk_59.swc
│       ├── trunk_6.swc
│       ├── trunk_60.swc
│       ├── trunk_61.swc
│       ├── trunk_62.swc
│       ├── trunk_63.swc
│       ├── trunk_64.swc
│       ├── trunk_65.swc
│       ├── trunk_66.swc
│       ├── trunk_67.swc
│       ├── trunk_68.swc
│       ├── trunk_69.swc
│       ├── trunk_7.swc
│       ├── trunk_70.swc
│       ├── trunk_71.swc
│       ├── trunk_72.swc
│       ├── trunk_73.swc
│       ├── trunk_74.swc
│       ├── trunk_75.swc
│       ├── trunk_76.swc
│       ├── trunk_77.swc
│       ├── trunk_78.swc
│       ├── trunk_79.swc
│       ├── trunk_8.swc
│       ├── trunk_80.swc
│       └── trunk_9.swc
├── scripts
│   ├── README.md
│   ├── extracttrunks.cpp
│   ├── main.cpp
│   ├── splitrefine.cpp
│   ├── splitrefineSET.cpp
│   ├── stb_easy_font.h
│   ├── swc_viewer
│   ├── swc_viewer.cpp
│   ├── tinyfiledialogs.c
│   └── tinyfiledialogs.h
├── src
│   ├── neurongraph.cpp
│   ├── neuronoperations.cpp
│   ├── neurontrunks.cpp
│   ├── neuronugx.cpp
│   └── utils.cpp
├── system_info.sh
└── tests
    ├── CMakeLists.txt
    ├── Testing
    │   └── Temporary
    │       └── LastTest.log
    ├── test_neurongraph.cpp
    ├── test_neurongraph_doctest.cpp
    └── test_swc_to_ugx.cpp

295 directories, 1405 files
